[debug] [2018-07-17T19:17:01.197Z] ----------------------------------------------------------------------
[debug] [2018-07-17T19:17:01.199Z] Command:       /usr/local/bin/node /usr/local/bin/firebase deploy --only functions
[debug] [2018-07-17T19:17:01.200Z] CLI Version:   3.19.2
[debug] [2018-07-17T19:17:01.200Z] Platform:      darwin
[debug] [2018-07-17T19:17:01.200Z] Node Version:  v6.11.5
[debug] [2018-07-17T19:17:01.200Z] Time:          Tue Jul 17 2018 16:17:01 GMT-0300 (-03)
[debug] [2018-07-17T19:17:01.200Z] ----------------------------------------------------------------------
[debug] 
[debug] [2018-07-17T19:17:01.215Z] > command requires scopes: ["email","openid","https://www.googleapis.com/auth/cloudplatformprojects.readonly","https://www.googleapis.com/auth/firebase","https://www.googleapis.com/auth/cloud-platform"]
[debug] [2018-07-17T19:17:01.215Z] > authorizing via signed-in user
[debug] [2018-07-17T19:17:01.218Z] > refreshing access token with scopes: ["email","https://www.googleapis.com/auth/cloud-platform","https://www.googleapis.com/auth/cloudplatformprojects.readonly","https://www.googleapis.com/auth/firebase","openid"]
[debug] [2018-07-17T19:17:01.218Z] >>> HTTP REQUEST POST https://www.googleapis.com/oauth2/v3/token  
 { refresh_token: '1/UH5J65_KAp0lyPdSRLqpmTjYqVPYCOg8PARFXSnMV4cNWowv8K3fhB-yv6dRgtKw',
  client_id: '563584335869-fgrhgmd47bqnekij5i8b5pr03ho849e6.apps.googleusercontent.com',
  client_secret: 'j9iVZfS8kkCEFUPaAeJV0sAi',
  grant_type: 'refresh_token',
  scope: 'email https://www.googleapis.com/auth/cloud-platform https://www.googleapis.com/auth/cloudplatformprojects.readonly https://www.googleapis.com/auth/firebase openid' } 
 Tue Jul 17 2018 16:17:01 GMT-0300 (-03)
[debug] [2018-07-17T19:17:01.703Z] <<< HTTP RESPONSE 200
[debug] [2018-07-17T19:17:01.709Z] >>> HTTP REQUEST GET https://admin.firebase.com/v1/projects/onsuranceme-co  
  
 Tue Jul 17 2018 16:17:01 GMT-0300 (-03)
[debug] [2018-07-17T19:17:02.827Z] <<< HTTP RESPONSE 200
[debug] [2018-07-17T19:17:02.827Z] >>> HTTP REQUEST GET https://admin.firebase.com/v1/database/onsuranceme-co/tokens  
  
 Tue Jul 17 2018 16:17:02 GMT-0300 (-03)
[debug] [2018-07-17T19:18:03.360Z] <<< HTTP RESPONSE 504
[debug] [2018-07-17T19:18:03.360Z] <<< HTTP RESPONSE BODY <html>
<head><title>504 Gateway Time-out</title></head>
<body bgcolor="white">
<center><h1>504 Gateway Time-out</h1></center>
<hr><center>nginx</center>
</body>
</html>

[debug] [2018-07-17T19:18:03.362Z] TypeError: Cannot create property 'error' on string '<html>
<head><title>504 Gateway Time-out</title></head>
<body bgcolor="white">
<center><h1>504 Gateway Time-out</h1></center>
<hr><center>nginx</center>
</body>
</html>
'
    at module.exports (/usr/local/lib/node_modules/firebase-tools/lib/responseToError.js:11:16)
    at Request._callback (/usr/local/lib/node_modules/firebase-tools/lib/api.js:47:25)
    at Request.self.callback (/usr/local/lib/node_modules/firebase-tools/node_modules/request/request.js:185:22)
    at emitTwo (events.js:106:13)
    at Request.emit (events.js:191:7)
    at Request.<anonymous> (/usr/local/lib/node_modules/firebase-tools/node_modules/request/request.js:1157:10)
    at emitOne (events.js:96:13)
    at Request.emit (events.js:188:7)
    at IncomingMessage.<anonymous> (/usr/local/lib/node_modules/firebase-tools/node_modules/request/request.js:1079:12)
    at IncomingMessage.g (events.js:292:16)
[error] 
[error] Error: An unexpected error has occurred.
[debug] [2018-07-17T19:28:01.649Z] ----------------------------------------------------------------------
[debug] [2018-07-17T19:28:01.651Z] Command:       /usr/local/bin/node /usr/local/bin/firebase deploy --only functions
[debug] [2018-07-17T19:28:01.652Z] CLI Version:   3.19.2
[debug] [2018-07-17T19:28:01.652Z] Platform:      darwin
[debug] [2018-07-17T19:28:01.652Z] Node Version:  v6.11.5
[debug] [2018-07-17T19:28:01.653Z] Time:          Tue Jul 17 2018 16:28:01 GMT-0300 (-03)
[debug] [2018-07-17T19:28:01.653Z] ----------------------------------------------------------------------
[debug] 
[debug] [2018-07-17T19:28:01.664Z] > command requires scopes: ["email","openid","https://www.googleapis.com/auth/cloudplatformprojects.readonly","https://www.googleapis.com/auth/firebase","https://www.googleapis.com/auth/cloud-platform"]
[debug] [2018-07-17T19:28:01.664Z] > authorizing via signed-in user
[debug] [2018-07-17T19:28:01.667Z] >>> HTTP REQUEST GET https://admin.firebase.com/v1/projects/onsuranceme-co  
  
 Tue Jul 17 2018 16:28:01 GMT-0300 (-03)
[debug] [2018-07-17T19:28:02.658Z] <<< HTTP RESPONSE 200
[debug] [2018-07-17T19:28:02.659Z] >>> HTTP REQUEST GET https://admin.firebase.com/v1/database/onsuranceme-co/tokens  
  
 Tue Jul 17 2018 16:28:02 GMT-0300 (-03)
