[debug] [2018-08-11T07:37:39.201Z] ----------------------------------------------------------------------
[debug] [2018-08-11T07:37:39.203Z] Command:       /usr/local/bin/node /usr/local/bin/firebase deploy --only functions
[debug] [2018-08-11T07:37:39.203Z] CLI Version:   4.0.3
[debug] [2018-08-11T07:37:39.203Z] Platform:      darwin
[debug] [2018-08-11T07:37:39.203Z] Node Version:  v8.11.3
[debug] [2018-08-11T07:37:39.204Z] Time:          Sat Aug 11 2018 04:37:39 GMT-0300 (-03)
[debug] [2018-08-11T07:37:39.204Z] ----------------------------------------------------------------------
[debug] 
[debug] [2018-08-11T07:37:39.216Z] > command requires scopes: ["email","openid","https://www.googleapis.com/auth/cloudplatformprojects.readonly","https://www.googleapis.com/auth/firebase","https://www.googleapis.com/auth/cloud-platform"]
[debug] [2018-08-11T07:37:39.216Z] > authorizing via signed-in user
[debug] [2018-08-11T07:37:39.219Z] >>> HTTP REQUEST GET https://admin.firebase.com/v1/projects/onsurance-co  
  
 Sat Aug 11 2018 04:37:39 GMT-0300 (-03)
[debug] [2018-08-11T07:37:40.520Z] <<< HTTP RESPONSE 200
[debug] [2018-08-11T07:37:40.521Z] >>> HTTP REQUEST GET https://admin.firebase.com/v1/database/onsurance-co/tokens  
  
 Sat Aug 11 2018 04:37:40 GMT-0300 (-03)
[debug] [2018-08-11T07:37:41.323Z] <<< HTTP RESPONSE 200
[info] 
[info] === Deploying to 'onsurance-co'...
[info] 
[info] i  deploying functions
[info] Running command: npm --prefix "$RESOURCE_DIR" run lint
[info] ✔  functions: Finished running predeploy script.
[debug] [2018-08-11T07:37:47.368Z] > [functions] package.json contents: {
  "name": "functions",
  "description": "Cloud Functions for Firebase",
  "scripts": {
    "lint": "eslint .",
    "serve": "firebase serve --only functions",
    "shell": "firebase functions:shell",
    "start": "npm run shell",
    "deploy": "firebase deploy --only functions",
    "logs": "firebase functions:log"
  },
  "dependencies": {
    "axios": "^0.18.0",
    "firebase": "^5.0.4",
    "firebase-admin": "~5.12.1",
    "firebase-functions": "^2.0.2",
    "jquery": "^3.3.1",
    "jsdom": "^11.11.0",
    "unirest": "^0.5.1",
    "woocommerce": "^2.4.0",
    "woocommerce-api": "^1.4.2"
  },
  "devDependencies": {
    "eslint": "^4.12.0",
    "eslint-plugin-promise": "^3.6.0"
  },
  "private": true,
  "engines": {
    "node": "8"
  }
}
[info] i  functions: ensuring necessary APIs are enabled...
[debug] [2018-08-11T07:37:47.369Z] >>> HTTP REQUEST GET https://servicemanagement.googleapis.com/v1/services/cloudfunctions.googleapis.com/projectSettings/onsurance-co?view=CONSUMER_VIEW  
  
 Sat Aug 11 2018 04:37:47 GMT-0300 (-03)
[debug] [2018-08-11T07:37:47.370Z] >>> HTTP REQUEST GET https://servicemanagement.googleapis.com/v1/services/runtimeconfig.googleapis.com/projectSettings/onsurance-co?view=CONSUMER_VIEW  
  
 Sat Aug 11 2018 04:37:47 GMT-0300 (-03)
[debug] [2018-08-11T07:37:49.138Z] <<< HTTP RESPONSE 200
[debug] [2018-08-11T07:37:49.226Z] <<< HTTP RESPONSE 200
[info] ✔  functions: all necessary APIs are enabled
[debug] [2018-08-11T07:37:49.227Z] >>> HTTP REQUEST GET https://cloudresourcemanager.googleapis.com/v1/projects/onsurance-co  
  
 Sat Aug 11 2018 04:37:49 GMT-0300 (-03)
[debug] [2018-08-11T07:37:50.297Z] <<< HTTP RESPONSE 200
[debug] [2018-08-11T07:37:50.298Z] >>> HTTP REQUEST GET https://mobilesdk-pa.googleapis.com/v1/projects/1087999485424:getServerAppConfig  
  
 Sat Aug 11 2018 04:37:50 GMT-0300 (-03)
[debug] [2018-08-11T07:37:51.718Z] <<< HTTP RESPONSE 200
[info] i  functions: preparing functions directory for uploading...
[debug] [2018-08-11T07:37:51.724Z] >>> HTTP REQUEST GET https://runtimeconfig.googleapis.com/v1beta1/projects/onsurance-co/configs  
  
 Sat Aug 11 2018 04:37:51 GMT-0300 (-03)
[debug] [2018-08-11T07:37:53.017Z] <<< HTTP RESPONSE 200
[info] i  functions: packaged functions (77.18 KB) for uploading
[debug] [2018-08-11T07:37:53.399Z] >>> HTTP REQUEST POST https://cloudfunctions.googleapis.com/v1/projects/onsurance-co/locations/us-central1/functions:generateUploadUrl  
  
 Sat Aug 11 2018 04:37:53 GMT-0300 (-03)
[debug] [2018-08-11T07:37:55.003Z] <<< HTTP RESPONSE 200
[debug] [2018-08-11T07:37:55.008Z] >>> HTTP REQUEST PUT https://storage.googleapis.com/gcf-upload-us-central1-013bdb1f-5ccf-4842-b300-a2fe0308acbb/f65065fc-22f1-49db-b413-d1946e19efe8.zip?GoogleAccessId=service-1087999485424@gcf-admin-robot.iam.gserviceaccount.com&Expires=1533974874&Signature=LfZwSLyeWYNNYeBpFbw1Mzv7alS32aYlahfREoH4EgomihPLMRpaVbgSQwl9ijBrDE5F%2F3kBnDQKimwsPRUfrqqdtvbAmfyrfZ6AAGZByElyXHpB%2F8iE1KkU7%2B5nxbVbRwKKOgm62kaDEi2jg9%2Bh4VlTPyZlaf7jxgh8%2BMVPijD4Y4JUq6qsa4x9KrdWTIGbtvL%2F8P77BCrm8mME0Gx85ORUlNEz1cUhyNV8XDEXmGif6yxmAByoBVBgXRPt72ZAWU03iZAvM3it6C4fEzKCgSC86RwhVhgyXkgRrFQXYrFRvGjfyo6MVV%2BYuZVEfvupw1G7dd6GERKbBXqZ8hpJTw%3D%3D  
 ReadStream {
  _readableState: 
   ReadableState {
     objectMode: false,
     highWaterMark: 65536,
     buffer: BufferList { head: [Object], tail: [Object], length: 1 },
     length: 65536,
     pipes: null,
     pipesCount: 0,
     flowing: null,
     ended: false,
     endEmitted: false,
     reading: false,
     sync: false,
     needReadable: false,
     emittedReadable: true,
     readableListening: false,
     resumeScheduled: false,
     destroyed: false,
     defaultEncoding: 'utf8',
     awaitDrain: 0,
     readingMore: false,
     decoder: null,
     encoding: null },
  readable: true,
  domain: null,
  _events: { end: [Function] },
  _eventsCount: 1,
  _maxListeners: undefined,
  path: '/var/folders/4j/mll6n3xn105_lwsjytrkmdx40000gn/T/firebase-functions-336976l22dzEiHI2l.zip',
  fd: 19,
  flags: 'r',
  mode: 438,
  start: undefined,
  end: Infinity,
  autoClose: true,
  pos: undefined,
  bytesRead: 65536 } 
 Sat Aug 11 2018 04:37:55 GMT-0300 (-03)
[debug] [2018-08-11T07:37:57.135Z] <<< HTTP RESPONSE 200
[info] ✔  functions: functions folder uploaded successfully
[debug] [2018-08-11T07:37:57.138Z] >>> HTTP REQUEST GET https://cloudfunctions.googleapis.com/v1/projects/onsurance-co/locations/-/functions  
  
 Sat Aug 11 2018 04:37:57 GMT-0300 (-03)
[debug] [2018-08-11T07:37:58.694Z] <<< HTTP RESPONSE 200
[info] i  functions: updating Node.js 8 function protecao(us-central1)...
[debug] [2018-08-11T07:37:58.697Z] Trigger is:  {"httpsTrigger":{}}
[info] i  functions: updating Node.js 8 function botSimulacao(us-central1)...
[debug] [2018-08-11T07:37:58.698Z] Trigger is:  {"httpsTrigger":{}}
[info] i  functions: updating Node.js 8 function criaPerfilCompleto(us-central1)...
[debug] [2018-08-11T07:37:58.698Z] Trigger is:  {"httpsTrigger":{}}
[info] i  functions: updating Node.js 8 function simLigaDesliga(us-central1)...
[debug] [2018-08-11T07:37:58.699Z] Trigger is:  {"httpsTrigger":{}}
[info] i  functions: updating Node.js 8 function wooWebhook(us-central1)...
[debug] [2018-08-11T07:37:58.699Z] Trigger is:  {"httpsTrigger":{}}
[info] i  functions: updating Node.js 8 function getrequest(us-central1)...
[debug] [2018-08-11T07:37:58.699Z] Trigger is:  {"httpsTrigger":{}}
[debug] [2018-08-11T07:37:58.701Z] >>> HTTP REQUEST PATCH https://cloudfunctions.googleapis.com/v1/projects/onsurance-co/locations/us-central1/functions/protecao 
query params: {"updateMask":"sourceUploadUrl,name,labels,runtime,httpsTrigger"} 
 { sourceUploadUrl: 'https://storage.googleapis.com/gcf-upload-us-central1-013bdb1f-5ccf-4842-b300-a2fe0308acbb/f65065fc-22f1-49db-b413-d1946e19efe8.zip?GoogleAccessId=service-1087999485424@gcf-admin-robot.iam.gserviceaccount.com&Expires=1533974874&Signature=LfZwSLyeWYNNYeBpFbw1Mzv7alS32aYlahfREoH4EgomihPLMRpaVbgSQwl9ijBrDE5F%2F3kBnDQKimwsPRUfrqqdtvbAmfyrfZ6AAGZByElyXHpB%2F8iE1KkU7%2B5nxbVbRwKKOgm62kaDEi2jg9%2Bh4VlTPyZlaf7jxgh8%2BMVPijD4Y4JUq6qsa4x9KrdWTIGbtvL%2F8P77BCrm8mME0Gx85ORUlNEz1cUhyNV8XDEXmGif6yxmAByoBVBgXRPt72ZAWU03iZAvM3it6C4fEzKCgSC86RwhVhgyXkgRrFQXYrFRvGjfyo6MVV%2BYuZVEfvupw1G7dd6GERKbBXqZ8hpJTw%3D%3D',
  name: 'projects/onsurance-co/locations/us-central1/functions/protecao',
  labels: { 'deployment-tool': 'cli-firebase' },
  httpsTrigger: {},
  runtime: 'nodejs8' } 
 Sat Aug 11 2018 04:37:58 GMT-0300 (-03)
[debug] [2018-08-11T07:37:58.702Z] >>> HTTP REQUEST PATCH https://cloudfunctions.googleapis.com/v1/projects/onsurance-co/locations/us-central1/functions/botSimulacao 
query params: {"updateMask":"sourceUploadUrl,name,labels,runtime,httpsTrigger"} 
 { sourceUploadUrl: 'https://storage.googleapis.com/gcf-upload-us-central1-013bdb1f-5ccf-4842-b300-a2fe0308acbb/f65065fc-22f1-49db-b413-d1946e19efe8.zip?GoogleAccessId=service-1087999485424@gcf-admin-robot.iam.gserviceaccount.com&Expires=1533974874&Signature=LfZwSLyeWYNNYeBpFbw1Mzv7alS32aYlahfREoH4EgomihPLMRpaVbgSQwl9ijBrDE5F%2F3kBnDQKimwsPRUfrqqdtvbAmfyrfZ6AAGZByElyXHpB%2F8iE1KkU7%2B5nxbVbRwKKOgm62kaDEi2jg9%2Bh4VlTPyZlaf7jxgh8%2BMVPijD4Y4JUq6qsa4x9KrdWTIGbtvL%2F8P77BCrm8mME0Gx85ORUlNEz1cUhyNV8XDEXmGif6yxmAByoBVBgXRPt72ZAWU03iZAvM3it6C4fEzKCgSC86RwhVhgyXkgRrFQXYrFRvGjfyo6MVV%2BYuZVEfvupw1G7dd6GERKbBXqZ8hpJTw%3D%3D',
  name: 'projects/onsurance-co/locations/us-central1/functions/botSimulacao',
  labels: { 'deployment-tool': 'cli-firebase' },
  httpsTrigger: {},
  runtime: 'nodejs8' } 
 Sat Aug 11 2018 04:37:58 GMT-0300 (-03)
[debug] [2018-08-11T07:37:58.703Z] >>> HTTP REQUEST PATCH https://cloudfunctions.googleapis.com/v1/projects/onsurance-co/locations/us-central1/functions/criaPerfilCompleto 
query params: {"updateMask":"sourceUploadUrl,name,labels,runtime,httpsTrigger"} 
 { sourceUploadUrl: 'https://storage.googleapis.com/gcf-upload-us-central1-013bdb1f-5ccf-4842-b300-a2fe0308acbb/f65065fc-22f1-49db-b413-d1946e19efe8.zip?GoogleAccessId=service-1087999485424@gcf-admin-robot.iam.gserviceaccount.com&Expires=1533974874&Signature=LfZwSLyeWYNNYeBpFbw1Mzv7alS32aYlahfREoH4EgomihPLMRpaVbgSQwl9ijBrDE5F%2F3kBnDQKimwsPRUfrqqdtvbAmfyrfZ6AAGZByElyXHpB%2F8iE1KkU7%2B5nxbVbRwKKOgm62kaDEi2jg9%2Bh4VlTPyZlaf7jxgh8%2BMVPijD4Y4JUq6qsa4x9KrdWTIGbtvL%2F8P77BCrm8mME0Gx85ORUlNEz1cUhyNV8XDEXmGif6yxmAByoBVBgXRPt72ZAWU03iZAvM3it6C4fEzKCgSC86RwhVhgyXkgRrFQXYrFRvGjfyo6MVV%2BYuZVEfvupw1G7dd6GERKbBXqZ8hpJTw%3D%3D',
  name: 'projects/onsurance-co/locations/us-central1/functions/criaPerfilCompleto',
  labels: { 'deployment-tool': 'cli-firebase' },
  httpsTrigger: {},
  runtime: 'nodejs8' } 
 Sat Aug 11 2018 04:37:58 GMT-0300 (-03)
[debug] [2018-08-11T07:37:58.704Z] >>> HTTP REQUEST PATCH https://cloudfunctions.googleapis.com/v1/projects/onsurance-co/locations/us-central1/functions/simLigaDesliga 
query params: {"updateMask":"sourceUploadUrl,name,labels,runtime,httpsTrigger"} 
 { sourceUploadUrl: 'https://storage.googleapis.com/gcf-upload-us-central1-013bdb1f-5ccf-4842-b300-a2fe0308acbb/f65065fc-22f1-49db-b413-d1946e19efe8.zip?GoogleAccessId=service-1087999485424@gcf-admin-robot.iam.gserviceaccount.com&Expires=1533974874&Signature=LfZwSLyeWYNNYeBpFbw1Mzv7alS32aYlahfREoH4EgomihPLMRpaVbgSQwl9ijBrDE5F%2F3kBnDQKimwsPRUfrqqdtvbAmfyrfZ6AAGZByElyXHpB%2F8iE1KkU7%2B5nxbVbRwKKOgm62kaDEi2jg9%2Bh4VlTPyZlaf7jxgh8%2BMVPijD4Y4JUq6qsa4x9KrdWTIGbtvL%2F8P77BCrm8mME0Gx85ORUlNEz1cUhyNV8XDEXmGif6yxmAByoBVBgXRPt72ZAWU03iZAvM3it6C4fEzKCgSC86RwhVhgyXkgRrFQXYrFRvGjfyo6MVV%2BYuZVEfvupw1G7dd6GERKbBXqZ8hpJTw%3D%3D',
  name: 'projects/onsurance-co/locations/us-central1/functions/simLigaDesliga',
  labels: { 'deployment-tool': 'cli-firebase' },
  httpsTrigger: {},
  runtime: 'nodejs8' } 
 Sat Aug 11 2018 04:37:58 GMT-0300 (-03)
[debug] [2018-08-11T07:37:58.704Z] >>> HTTP REQUEST PATCH https://cloudfunctions.googleapis.com/v1/projects/onsurance-co/locations/us-central1/functions/wooWebhook 
query params: {"updateMask":"sourceUploadUrl,name,labels,runtime,httpsTrigger"} 
 { sourceUploadUrl: 'https://storage.googleapis.com/gcf-upload-us-central1-013bdb1f-5ccf-4842-b300-a2fe0308acbb/f65065fc-22f1-49db-b413-d1946e19efe8.zip?GoogleAccessId=service-1087999485424@gcf-admin-robot.iam.gserviceaccount.com&Expires=1533974874&Signature=LfZwSLyeWYNNYeBpFbw1Mzv7alS32aYlahfREoH4EgomihPLMRpaVbgSQwl9ijBrDE5F%2F3kBnDQKimwsPRUfrqqdtvbAmfyrfZ6AAGZByElyXHpB%2F8iE1KkU7%2B5nxbVbRwKKOgm62kaDEi2jg9%2Bh4VlTPyZlaf7jxgh8%2BMVPijD4Y4JUq6qsa4x9KrdWTIGbtvL%2F8P77BCrm8mME0Gx85ORUlNEz1cUhyNV8XDEXmGif6yxmAByoBVBgXRPt72ZAWU03iZAvM3it6C4fEzKCgSC86RwhVhgyXkgRrFQXYrFRvGjfyo6MVV%2BYuZVEfvupw1G7dd6GERKbBXqZ8hpJTw%3D%3D',
  name: 'projects/onsurance-co/locations/us-central1/functions/wooWebhook',
  labels: { 'deployment-tool': 'cli-firebase' },
  httpsTrigger: {},
  runtime: 'nodejs8' } 
 Sat Aug 11 2018 04:37:58 GMT-0300 (-03)
[debug] [2018-08-11T07:37:58.704Z] >>> HTTP REQUEST PATCH https://cloudfunctions.googleapis.com/v1/projects/onsurance-co/locations/us-central1/functions/getrequest 
query params: {"updateMask":"sourceUploadUrl,name,labels,runtime,httpsTrigger"} 
 { sourceUploadUrl: 'https://storage.googleapis.com/gcf-upload-us-central1-013bdb1f-5ccf-4842-b300-a2fe0308acbb/f65065fc-22f1-49db-b413-d1946e19efe8.zip?GoogleAccessId=service-1087999485424@gcf-admin-robot.iam.gserviceaccount.com&Expires=1533974874&Signature=LfZwSLyeWYNNYeBpFbw1Mzv7alS32aYlahfREoH4EgomihPLMRpaVbgSQwl9ijBrDE5F%2F3kBnDQKimwsPRUfrqqdtvbAmfyrfZ6AAGZByElyXHpB%2F8iE1KkU7%2B5nxbVbRwKKOgm62kaDEi2jg9%2Bh4VlTPyZlaf7jxgh8%2BMVPijD4Y4JUq6qsa4x9KrdWTIGbtvL%2F8P77BCrm8mME0Gx85ORUlNEz1cUhyNV8XDEXmGif6yxmAByoBVBgXRPt72ZAWU03iZAvM3it6C4fEzKCgSC86RwhVhgyXkgRrFQXYrFRvGjfyo6MVV%2BYuZVEfvupw1G7dd6GERKbBXqZ8hpJTw%3D%3D',
  name: 'projects/onsurance-co/locations/us-central1/functions/getrequest',
  labels: { 'deployment-tool': 'cli-firebase' },
  httpsTrigger: {},
  runtime: 'nodejs8' } 
 Sat Aug 11 2018 04:37:58 GMT-0300 (-03)
[debug] [2018-08-11T07:37:59.994Z] <<< HTTP RESPONSE 200
[debug] [2018-08-11T07:38:00.016Z] <<< HTTP RESPONSE 200
[debug] [2018-08-11T07:38:00.033Z] <<< HTTP RESPONSE 200
[debug] [2018-08-11T07:38:00.036Z] <<< HTTP RESPONSE 200
[debug] [2018-08-11T07:38:00.037Z] <<< HTTP RESPONSE 200
[debug] [2018-08-11T07:38:00.076Z] <<< HTTP RESPONSE 200
[debug] [2018-08-11T07:38:00.077Z] >>> HTTP REQUEST GET https://cloudfunctions.googleapis.com/v1/projects/onsurance-co/locations/-/functions  
  
 Sat Aug 11 2018 04:38:00 GMT-0300 (-03)
[debug] [2018-08-11T07:38:01.550Z] <<< HTTP RESPONSE 200
[debug] [2018-08-11T07:38:01.552Z] >>> HTTP REQUEST GET https://cloudfunctions.googleapis.com/v1/operations/b25zdXJhbmNlLWNvL3VzLWNlbnRyYWwxL3Byb3RlY2FvLzRxam80RHFadmVZ  
  
 Sat Aug 11 2018 04:38:01 GMT-0300 (-03)
[debug] [2018-08-11T07:38:01.552Z] >>> HTTP REQUEST GET https://cloudfunctions.googleapis.com/v1/operations/b25zdXJhbmNlLWNvL3VzLWNlbnRyYWwxL2JvdFNpbXVsYWNhby9IS3dFamMweUpQQQ  
  
 Sat Aug 11 2018 04:38:01 GMT-0300 (-03)
[debug] [2018-08-11T07:38:01.553Z] >>> HTTP REQUEST GET https://cloudfunctions.googleapis.com/v1/operations/b25zdXJhbmNlLWNvL3VzLWNlbnRyYWwxL2NyaWFQZXJmaWxDb21wbGV0by9HWW1GY0RuT2oxdw  
  
 Sat Aug 11 2018 04:38:01 GMT-0300 (-03)
[debug] [2018-08-11T07:38:01.553Z] >>> HTTP REQUEST GET https://cloudfunctions.googleapis.com/v1/operations/b25zdXJhbmNlLWNvL3VzLWNlbnRyYWwxL3NpbUxpZ2FEZXNsaWdhL1FQaFlFTm54UWUw  
  
 Sat Aug 11 2018 04:38:01 GMT-0300 (-03)
[debug] [2018-08-11T07:38:01.553Z] >>> HTTP REQUEST GET https://cloudfunctions.googleapis.com/v1/operations/b25zdXJhbmNlLWNvL3VzLWNlbnRyYWwxL3dvb1dlYmhvb2svakdFN2F0bVBxaGs  
  
 Sat Aug 11 2018 04:38:01 GMT-0300 (-03)
[debug] [2018-08-11T07:38:01.554Z] >>> HTTP REQUEST GET https://cloudfunctions.googleapis.com/v1/operations/b25zdXJhbmNlLWNvL3VzLWNlbnRyYWwxL2dldHJlcXVlc3QvekhtYWVvcnNfVkk  
  
 Sat Aug 11 2018 04:38:01 GMT-0300 (-03)
[debug] [2018-08-11T07:38:02.058Z] <<< HTTP RESPONSE 200
[debug] [2018-08-11T07:38:02.893Z] <<< HTTP RESPONSE 200
[debug] [2018-08-11T07:38:02.912Z] <<< HTTP RESPONSE 200
[debug] [2018-08-11T07:38:02.913Z] <<< HTTP RESPONSE 200
[debug] [2018-08-11T07:38:02.916Z] <<< HTTP RESPONSE 200
[debug] [2018-08-11T07:38:02.926Z] <<< HTTP RESPONSE 200
[debug] [2018-08-11T07:38:04.062Z] >>> HTTP REQUEST GET https://cloudfunctions.googleapis.com/v1/operations/b25zdXJhbmNlLWNvL3VzLWNlbnRyYWwxL3dvb1dlYmhvb2svakdFN2F0bVBxaGs  
  
 Sat Aug 11 2018 04:38:04 GMT-0300 (-03)
[debug] [2018-08-11T07:38:04.898Z] >>> HTTP REQUEST GET https://cloudfunctions.googleapis.com/v1/operations/b25zdXJhbmNlLWNvL3VzLWNlbnRyYWwxL2JvdFNpbXVsYWNhby9IS3dFamMweUpQQQ  
  
 Sat Aug 11 2018 04:38:04 GMT-0300 (-03)
[debug] [2018-08-11T07:38:04.915Z] >>> HTTP REQUEST GET https://cloudfunctions.googleapis.com/v1/operations/b25zdXJhbmNlLWNvL3VzLWNlbnRyYWwxL2NyaWFQZXJmaWxDb21wbGV0by9HWW1GY0RuT2oxdw  
  
 Sat Aug 11 2018 04:38:04 GMT-0300 (-03)
[debug] [2018-08-11T07:38:04.915Z] >>> HTTP REQUEST GET https://cloudfunctions.googleapis.com/v1/operations/b25zdXJhbmNlLWNvL3VzLWNlbnRyYWwxL3NpbUxpZ2FEZXNsaWdhL1FQaFlFTm54UWUw  
  
 Sat Aug 11 2018 04:38:04 GMT-0300 (-03)
[debug] [2018-08-11T07:38:04.919Z] >>> HTTP REQUEST GET https://cloudfunctions.googleapis.com/v1/operations/b25zdXJhbmNlLWNvL3VzLWNlbnRyYWwxL2dldHJlcXVlc3QvekhtYWVvcnNfVkk  
  
 Sat Aug 11 2018 04:38:04 GMT-0300 (-03)
[debug] [2018-08-11T07:38:04.927Z] >>> HTTP REQUEST GET https://cloudfunctions.googleapis.com/v1/operations/b25zdXJhbmNlLWNvL3VzLWNlbnRyYWwxL3Byb3RlY2FvLzRxam80RHFadmVZ  
  
 Sat Aug 11 2018 04:38:04 GMT-0300 (-03)
[debug] [2018-08-11T07:38:05.373Z] <<< HTTP RESPONSE 200
[debug] [2018-08-11T07:38:06.157Z] <<< HTTP RESPONSE 200
[debug] [2018-08-11T07:38:06.190Z] <<< HTTP RESPONSE 200
[debug] [2018-08-11T07:38:06.191Z] <<< HTTP RESPONSE 200
[debug] [2018-08-11T07:38:06.191Z] <<< HTTP RESPONSE 200
[debug] [2018-08-11T07:38:06.191Z] <<< HTTP RESPONSE 200
[debug] [2018-08-11T07:38:07.374Z] >>> HTTP REQUEST GET https://cloudfunctions.googleapis.com/v1/operations/b25zdXJhbmNlLWNvL3VzLWNlbnRyYWwxL3dvb1dlYmhvb2svakdFN2F0bVBxaGs  
  
 Sat Aug 11 2018 04:38:07 GMT-0300 (-03)
[debug] [2018-08-11T07:38:08.161Z] >>> HTTP REQUEST GET https://cloudfunctions.googleapis.com/v1/operations/b25zdXJhbmNlLWNvL3VzLWNlbnRyYWwxL2JvdFNpbXVsYWNhby9IS3dFamMweUpQQQ  
  
 Sat Aug 11 2018 04:38:08 GMT-0300 (-03)
[debug] [2018-08-11T07:38:08.196Z] >>> HTTP REQUEST GET https://cloudfunctions.googleapis.com/v1/operations/b25zdXJhbmNlLWNvL3VzLWNlbnRyYWwxL2NyaWFQZXJmaWxDb21wbGV0by9HWW1GY0RuT2oxdw  
  
 Sat Aug 11 2018 04:38:08 GMT-0300 (-03)
[debug] [2018-08-11T07:38:08.196Z] >>> HTTP REQUEST GET https://cloudfunctions.googleapis.com/v1/operations/b25zdXJhbmNlLWNvL3VzLWNlbnRyYWwxL3NpbUxpZ2FEZXNsaWdhL1FQaFlFTm54UWUw  
  
 Sat Aug 11 2018 04:38:08 GMT-0300 (-03)
[debug] [2018-08-11T07:38:08.197Z] >>> HTTP REQUEST GET https://cloudfunctions.googleapis.com/v1/operations/b25zdXJhbmNlLWNvL3VzLWNlbnRyYWwxL3Byb3RlY2FvLzRxam80RHFadmVZ  
  
 Sat Aug 11 2018 04:38:08 GMT-0300 (-03)
[debug] [2018-08-11T07:38:08.197Z] >>> HTTP REQUEST GET https://cloudfunctions.googleapis.com/v1/operations/b25zdXJhbmNlLWNvL3VzLWNlbnRyYWwxL2dldHJlcXVlc3QvekhtYWVvcnNfVkk  
  
 Sat Aug 11 2018 04:38:08 GMT-0300 (-03)
[debug] [2018-08-11T07:38:08.707Z] <<< HTTP RESPONSE 200
[debug] [2018-08-11T07:38:08.878Z] <<< HTTP RESPONSE 200
[debug] [2018-08-11T07:38:09.721Z] <<< HTTP RESPONSE 200
[debug] [2018-08-11T07:38:09.722Z] <<< HTTP RESPONSE 200
[debug] [2018-08-11T07:38:09.876Z] <<< HTTP RESPONSE 200
[debug] [2018-08-11T07:38:10.387Z] <<< HTTP RESPONSE 200
[debug] [2018-08-11T07:38:10.712Z] >>> HTTP REQUEST GET https://cloudfunctions.googleapis.com/v1/operations/b25zdXJhbmNlLWNvL3VzLWNlbnRyYWwxL3dvb1dlYmhvb2svakdFN2F0bVBxaGs  
  
 Sat Aug 11 2018 04:38:10 GMT-0300 (-03)
[debug] [2018-08-11T07:38:10.879Z] >>> HTTP REQUEST GET https://cloudfunctions.googleapis.com/v1/operations/b25zdXJhbmNlLWNvL3VzLWNlbnRyYWwxL2dldHJlcXVlc3QvekhtYWVvcnNfVkk  
  
 Sat Aug 11 2018 04:38:10 GMT-0300 (-03)
[debug] [2018-08-11T07:38:11.725Z] >>> HTTP REQUEST GET https://cloudfunctions.googleapis.com/v1/operations/b25zdXJhbmNlLWNvL3VzLWNlbnRyYWwxL2JvdFNpbXVsYWNhby9IS3dFamMweUpQQQ  
  
 Sat Aug 11 2018 04:38:11 GMT-0300 (-03)
[debug] [2018-08-11T07:38:11.725Z] >>> HTTP REQUEST GET https://cloudfunctions.googleapis.com/v1/operations/b25zdXJhbmNlLWNvL3VzLWNlbnRyYWwxL2NyaWFQZXJmaWxDb21wbGV0by9HWW1GY0RuT2oxdw  
  
 Sat Aug 11 2018 04:38:11 GMT-0300 (-03)
[debug] [2018-08-11T07:38:11.881Z] >>> HTTP REQUEST GET https://cloudfunctions.googleapis.com/v1/operations/b25zdXJhbmNlLWNvL3VzLWNlbnRyYWwxL3Byb3RlY2FvLzRxam80RHFadmVZ  
  
 Sat Aug 11 2018 04:38:11 GMT-0300 (-03)
[debug] [2018-08-11T07:38:12.089Z] <<< HTTP RESPONSE 200
[debug] [2018-08-11T07:38:12.213Z] <<< HTTP RESPONSE 200
[debug] [2018-08-11T07:38:12.388Z] >>> HTTP REQUEST GET https://cloudfunctions.googleapis.com/v1/operations/b25zdXJhbmNlLWNvL3VzLWNlbnRyYWwxL3NpbUxpZ2FEZXNsaWdhL1FQaFlFTm54UWUw  
  
 Sat Aug 11 2018 04:38:12 GMT-0300 (-03)
[debug] [2018-08-11T07:38:13.123Z] <<< HTTP RESPONSE 200
[debug] [2018-08-11T07:38:13.124Z] <<< HTTP RESPONSE 200
[debug] [2018-08-11T07:38:13.139Z] <<< HTTP RESPONSE 200
[debug] [2018-08-11T07:38:13.662Z] <<< HTTP RESPONSE 200
[debug] [2018-08-11T07:38:14.093Z] >>> HTTP REQUEST GET https://cloudfunctions.googleapis.com/v1/operations/b25zdXJhbmNlLWNvL3VzLWNlbnRyYWwxL3dvb1dlYmhvb2svakdFN2F0bVBxaGs  
  
 Sat Aug 11 2018 04:38:14 GMT-0300 (-03)
[debug] [2018-08-11T07:38:14.216Z] >>> HTTP REQUEST GET https://cloudfunctions.googleapis.com/v1/operations/b25zdXJhbmNlLWNvL3VzLWNlbnRyYWwxL2dldHJlcXVlc3QvekhtYWVvcnNfVkk  
  
 Sat Aug 11 2018 04:38:14 GMT-0300 (-03)
[debug] [2018-08-11T07:38:15.127Z] >>> HTTP REQUEST GET https://cloudfunctions.googleapis.com/v1/operations/b25zdXJhbmNlLWNvL3VzLWNlbnRyYWwxL2NyaWFQZXJmaWxDb21wbGV0by9HWW1GY0RuT2oxdw  
  
 Sat Aug 11 2018 04:38:15 GMT-0300 (-03)
[debug] [2018-08-11T07:38:15.127Z] >>> HTTP REQUEST GET https://cloudfunctions.googleapis.com/v1/operations/b25zdXJhbmNlLWNvL3VzLWNlbnRyYWwxL2JvdFNpbXVsYWNhby9IS3dFamMweUpQQQ  
  
 Sat Aug 11 2018 04:38:15 GMT-0300 (-03)
[debug] [2018-08-11T07:38:15.139Z] >>> HTTP REQUEST GET https://cloudfunctions.googleapis.com/v1/operations/b25zdXJhbmNlLWNvL3VzLWNlbnRyYWwxL3Byb3RlY2FvLzRxam80RHFadmVZ  
  
 Sat Aug 11 2018 04:38:15 GMT-0300 (-03)
[debug] [2018-08-11T07:38:15.420Z] <<< HTTP RESPONSE 200
[debug] [2018-08-11T07:38:15.489Z] <<< HTTP RESPONSE 200
[debug] [2018-08-11T07:38:15.634Z] <<< HTTP RESPONSE 200
[debug] [2018-08-11T07:38:15.663Z] >>> HTTP REQUEST GET https://cloudfunctions.googleapis.com/v1/operations/b25zdXJhbmNlLWNvL3VzLWNlbnRyYWwxL3NpbUxpZ2FEZXNsaWdhL1FQaFlFTm54UWUw  
  
 Sat Aug 11 2018 04:38:15 GMT-0300 (-03)
[debug] [2018-08-11T07:38:16.461Z] <<< HTTP RESPONSE 200
[debug] [2018-08-11T07:38:16.462Z] <<< HTTP RESPONSE 200
[debug] [2018-08-11T07:38:16.973Z] <<< HTTP RESPONSE 200
[debug] [2018-08-11T07:38:17.425Z] >>> HTTP REQUEST GET https://cloudfunctions.googleapis.com/v1/operations/b25zdXJhbmNlLWNvL3VzLWNlbnRyYWwxL3dvb1dlYmhvb2svakdFN2F0bVBxaGs  
  
 Sat Aug 11 2018 04:38:17 GMT-0300 (-03)
[debug] [2018-08-11T07:38:17.495Z] >>> HTTP REQUEST GET https://cloudfunctions.googleapis.com/v1/operations/b25zdXJhbmNlLWNvL3VzLWNlbnRyYWwxL2dldHJlcXVlc3QvekhtYWVvcnNfVkk  
  
 Sat Aug 11 2018 04:38:17 GMT-0300 (-03)
[debug] [2018-08-11T07:38:17.636Z] >>> HTTP REQUEST GET https://cloudfunctions.googleapis.com/v1/operations/b25zdXJhbmNlLWNvL3VzLWNlbnRyYWwxL3Byb3RlY2FvLzRxam80RHFadmVZ  
  
 Sat Aug 11 2018 04:38:17 GMT-0300 (-03)
[debug] [2018-08-11T07:38:18.465Z] >>> HTTP REQUEST GET https://cloudfunctions.googleapis.com/v1/operations/b25zdXJhbmNlLWNvL3VzLWNlbnRyYWwxL2NyaWFQZXJmaWxDb21wbGV0by9HWW1GY0RuT2oxdw  
  
 Sat Aug 11 2018 04:38:18 GMT-0300 (-03)
[debug] [2018-08-11T07:38:18.466Z] >>> HTTP REQUEST GET https://cloudfunctions.googleapis.com/v1/operations/b25zdXJhbmNlLWNvL3VzLWNlbnRyYWwxL2JvdFNpbXVsYWNhby9IS3dFamMweUpQQQ  
  
 Sat Aug 11 2018 04:38:18 GMT-0300 (-03)
[debug] [2018-08-11T07:38:18.674Z] <<< HTTP RESPONSE 200
[debug] [2018-08-11T07:38:18.743Z] <<< HTTP RESPONSE 200
[debug] [2018-08-11T07:38:18.877Z] <<< HTTP RESPONSE 200
[debug] [2018-08-11T07:38:18.976Z] >>> HTTP REQUEST GET https://cloudfunctions.googleapis.com/v1/operations/b25zdXJhbmNlLWNvL3VzLWNlbnRyYWwxL3NpbUxpZ2FEZXNsaWdhL1FQaFlFTm54UWUw  
  
 Sat Aug 11 2018 04:38:18 GMT-0300 (-03)
[debug] [2018-08-11T07:38:19.694Z] <<< HTTP RESPONSE 200
[debug] [2018-08-11T07:38:19.695Z] <<< HTTP RESPONSE 200
[debug] [2018-08-11T07:38:20.222Z] <<< HTTP RESPONSE 200
[debug] [2018-08-11T07:38:20.676Z] >>> HTTP REQUEST GET https://cloudfunctions.googleapis.com/v1/operations/b25zdXJhbmNlLWNvL3VzLWNlbnRyYWwxL3dvb1dlYmhvb2svakdFN2F0bVBxaGs  
  
 Sat Aug 11 2018 04:38:20 GMT-0300 (-03)
[debug] [2018-08-11T07:38:20.746Z] >>> HTTP REQUEST GET https://cloudfunctions.googleapis.com/v1/operations/b25zdXJhbmNlLWNvL3VzLWNlbnRyYWwxL2dldHJlcXVlc3QvekhtYWVvcnNfVkk  
  
 Sat Aug 11 2018 04:38:20 GMT-0300 (-03)
[debug] [2018-08-11T07:38:20.881Z] >>> HTTP REQUEST GET https://cloudfunctions.googleapis.com/v1/operations/b25zdXJhbmNlLWNvL3VzLWNlbnRyYWwxL3Byb3RlY2FvLzRxam80RHFadmVZ  
  
 Sat Aug 11 2018 04:38:20 GMT-0300 (-03)
[debug] [2018-08-11T07:38:21.257Z] <<< HTTP RESPONSE 200
[debug] [2018-08-11T07:38:21.698Z] >>> HTTP REQUEST GET https://cloudfunctions.googleapis.com/v1/operations/b25zdXJhbmNlLWNvL3VzLWNlbnRyYWwxL2NyaWFQZXJmaWxDb21wbGV0by9HWW1GY0RuT2oxdw  
  
 Sat Aug 11 2018 04:38:21 GMT-0300 (-03)
[debug] [2018-08-11T07:38:21.698Z] >>> HTTP REQUEST GET https://cloudfunctions.googleapis.com/v1/operations/b25zdXJhbmNlLWNvL3VzLWNlbnRyYWwxL2JvdFNpbXVsYWNhby9IS3dFamMweUpQQQ  
  
 Sat Aug 11 2018 04:38:21 GMT-0300 (-03)
[debug] [2018-08-11T07:38:21.898Z] <<< HTTP RESPONSE 200
[debug] [2018-08-11T07:38:21.976Z] <<< HTTP RESPONSE 200
[debug] [2018-08-11T07:38:22.222Z] >>> HTTP REQUEST GET https://cloudfunctions.googleapis.com/v1/operations/b25zdXJhbmNlLWNvL3VzLWNlbnRyYWwxL3NpbUxpZ2FEZXNsaWdhL1FQaFlFTm54UWUw  
  
 Sat Aug 11 2018 04:38:22 GMT-0300 (-03)
[debug] [2018-08-11T07:38:22.933Z] <<< HTTP RESPONSE 200
[debug] [2018-08-11T07:38:22.935Z] <<< HTTP RESPONSE 200
[debug] [2018-08-11T07:38:23.263Z] >>> HTTP REQUEST GET https://cloudfunctions.googleapis.com/v1/operations/b25zdXJhbmNlLWNvL3VzLWNlbnRyYWwxL3Byb3RlY2FvLzRxam80RHFadmVZ  
  
 Sat Aug 11 2018 04:38:23 GMT-0300 (-03)
[debug] [2018-08-11T07:38:23.507Z] <<< HTTP RESPONSE 200
[debug] [2018-08-11T07:38:23.903Z] >>> HTTP REQUEST GET https://cloudfunctions.googleapis.com/v1/operations/b25zdXJhbmNlLWNvL3VzLWNlbnRyYWwxL3dvb1dlYmhvb2svakdFN2F0bVBxaGs  
  
 Sat Aug 11 2018 04:38:23 GMT-0300 (-03)
[debug] [2018-08-11T07:38:23.981Z] >>> HTTP REQUEST GET https://cloudfunctions.googleapis.com/v1/operations/b25zdXJhbmNlLWNvL3VzLWNlbnRyYWwxL2dldHJlcXVlc3QvekhtYWVvcnNfVkk  
  
 Sat Aug 11 2018 04:38:23 GMT-0300 (-03)
[debug] [2018-08-11T07:38:24.485Z] <<< HTTP RESPONSE 200
[debug] [2018-08-11T07:38:24.937Z] >>> HTTP REQUEST GET https://cloudfunctions.googleapis.com/v1/operations/b25zdXJhbmNlLWNvL3VzLWNlbnRyYWwxL2NyaWFQZXJmaWxDb21wbGV0by9HWW1GY0RuT2oxdw  
  
 Sat Aug 11 2018 04:38:24 GMT-0300 (-03)
[debug] [2018-08-11T07:38:24.937Z] >>> HTTP REQUEST GET https://cloudfunctions.googleapis.com/v1/operations/b25zdXJhbmNlLWNvL3VzLWNlbnRyYWwxL2JvdFNpbXVsYWNhby9IS3dFamMweUpQQQ  
  
 Sat Aug 11 2018 04:38:24 GMT-0300 (-03)
[debug] [2018-08-11T07:38:25.133Z] <<< HTTP RESPONSE 200
[debug] [2018-08-11T07:38:25.235Z] <<< HTTP RESPONSE 200
[debug] [2018-08-11T07:38:25.509Z] >>> HTTP REQUEST GET https://cloudfunctions.googleapis.com/v1/operations/b25zdXJhbmNlLWNvL3VzLWNlbnRyYWwxL3NpbUxpZ2FEZXNsaWdhL1FQaFlFTm54UWUw  
  
 Sat Aug 11 2018 04:38:25 GMT-0300 (-03)
[debug] [2018-08-11T07:38:26.185Z] <<< HTTP RESPONSE 200
[debug] [2018-08-11T07:38:26.186Z] <<< HTTP RESPONSE 200
[debug] [2018-08-11T07:38:26.486Z] >>> HTTP REQUEST GET https://cloudfunctions.googleapis.com/v1/operations/b25zdXJhbmNlLWNvL3VzLWNlbnRyYWwxL3Byb3RlY2FvLzRxam80RHFadmVZ  
  
 Sat Aug 11 2018 04:38:26 GMT-0300 (-03)
[debug] [2018-08-11T07:38:27.049Z] <<< HTTP RESPONSE 200
[debug] [2018-08-11T07:38:27.135Z] >>> HTTP REQUEST GET https://cloudfunctions.googleapis.com/v1/operations/b25zdXJhbmNlLWNvL3VzLWNlbnRyYWwxL3dvb1dlYmhvb2svakdFN2F0bVBxaGs  
  
 Sat Aug 11 2018 04:38:27 GMT-0300 (-03)
[debug] [2018-08-11T07:38:27.236Z] >>> HTTP REQUEST GET https://cloudfunctions.googleapis.com/v1/operations/b25zdXJhbmNlLWNvL3VzLWNlbnRyYWwxL2dldHJlcXVlc3QvekhtYWVvcnNfVkk  
  
 Sat Aug 11 2018 04:38:27 GMT-0300 (-03)
[debug] [2018-08-11T07:38:27.752Z] <<< HTTP RESPONSE 200
[debug] [2018-08-11T07:38:28.187Z] >>> HTTP REQUEST GET https://cloudfunctions.googleapis.com/v1/operations/b25zdXJhbmNlLWNvL3VzLWNlbnRyYWwxL2JvdFNpbXVsYWNhby9IS3dFamMweUpQQQ  
  
 Sat Aug 11 2018 04:38:28 GMT-0300 (-03)
[debug] [2018-08-11T07:38:28.187Z] >>> HTTP REQUEST GET https://cloudfunctions.googleapis.com/v1/operations/b25zdXJhbmNlLWNvL3VzLWNlbnRyYWwxL2NyaWFQZXJmaWxDb21wbGV0by9HWW1GY0RuT2oxdw  
  
 Sat Aug 11 2018 04:38:28 GMT-0300 (-03)
[debug] [2018-08-11T07:38:28.367Z] <<< HTTP RESPONSE 200
[debug] [2018-08-11T07:38:28.458Z] <<< HTTP RESPONSE 200
[debug] [2018-08-11T07:38:29.052Z] >>> HTTP REQUEST GET https://cloudfunctions.googleapis.com/v1/operations/b25zdXJhbmNlLWNvL3VzLWNlbnRyYWwxL3NpbUxpZ2FEZXNsaWdhL1FQaFlFTm54UWUw  
  
 Sat Aug 11 2018 04:38:29 GMT-0300 (-03)
[debug] [2018-08-11T07:38:29.505Z] <<< HTTP RESPONSE 200
[debug] [2018-08-11T07:38:29.575Z] <<< HTTP RESPONSE 200
[debug] [2018-08-11T07:38:29.755Z] >>> HTTP REQUEST GET https://cloudfunctions.googleapis.com/v1/operations/b25zdXJhbmNlLWNvL3VzLWNlbnRyYWwxL3Byb3RlY2FvLzRxam80RHFadmVZ  
  
 Sat Aug 11 2018 04:38:29 GMT-0300 (-03)
[debug] [2018-08-11T07:38:30.370Z] >>> HTTP REQUEST GET https://cloudfunctions.googleapis.com/v1/operations/b25zdXJhbmNlLWNvL3VzLWNlbnRyYWwxL3dvb1dlYmhvb2svakdFN2F0bVBxaGs  
  
 Sat Aug 11 2018 04:38:30 GMT-0300 (-03)
[debug] [2018-08-11T07:38:30.427Z] <<< HTTP RESPONSE 200
[debug] [2018-08-11T07:38:30.462Z] >>> HTTP REQUEST GET https://cloudfunctions.googleapis.com/v1/operations/b25zdXJhbmNlLWNvL3VzLWNlbnRyYWwxL2dldHJlcXVlc3QvekhtYWVvcnNfVkk  
  
 Sat Aug 11 2018 04:38:30 GMT-0300 (-03)
[debug] [2018-08-11T07:38:31.013Z] <<< HTTP RESPONSE 200
[debug] [2018-08-11T07:38:31.508Z] >>> HTTP REQUEST GET https://cloudfunctions.googleapis.com/v1/operations/b25zdXJhbmNlLWNvL3VzLWNlbnRyYWwxL2NyaWFQZXJmaWxDb21wbGV0by9HWW1GY0RuT2oxdw  
  
 Sat Aug 11 2018 04:38:31 GMT-0300 (-03)
[debug] [2018-08-11T07:38:31.580Z] >>> HTTP REQUEST GET https://cloudfunctions.googleapis.com/v1/operations/b25zdXJhbmNlLWNvL3VzLWNlbnRyYWwxL2JvdFNpbXVsYWNhby9IS3dFamMweUpQQQ  
  
 Sat Aug 11 2018 04:38:31 GMT-0300 (-03)
[debug] [2018-08-11T07:38:31.639Z] <<< HTTP RESPONSE 200
[debug] [2018-08-11T07:38:31.716Z] <<< HTTP RESPONSE 200
[debug] [2018-08-11T07:38:32.139Z] <<< HTTP RESPONSE 200
[debug] [2018-08-11T07:38:32.432Z] >>> HTTP REQUEST GET https://cloudfunctions.googleapis.com/v1/operations/b25zdXJhbmNlLWNvL3VzLWNlbnRyYWwxL3NpbUxpZ2FEZXNsaWdhL1FQaFlFTm54UWUw  
  
 Sat Aug 11 2018 04:38:32 GMT-0300 (-03)
[debug] [2018-08-11T07:38:32.809Z] <<< HTTP RESPONSE 200
[debug] [2018-08-11T07:38:33.018Z] >>> HTTP REQUEST GET https://cloudfunctions.googleapis.com/v1/operations/b25zdXJhbmNlLWNvL3VzLWNlbnRyYWwxL3Byb3RlY2FvLzRxam80RHFadmVZ  
  
 Sat Aug 11 2018 04:38:33 GMT-0300 (-03)
[debug] [2018-08-11T07:38:33.412Z] <<< HTTP RESPONSE 200
[debug] [2018-08-11T07:38:33.644Z] >>> HTTP REQUEST GET https://cloudfunctions.googleapis.com/v1/operations/b25zdXJhbmNlLWNvL3VzLWNlbnRyYWwxL3dvb1dlYmhvb2svakdFN2F0bVBxaGs  
  
 Sat Aug 11 2018 04:38:33 GMT-0300 (-03)
[debug] [2018-08-11T07:38:33.685Z] <<< HTTP RESPONSE 200
[debug] [2018-08-11T07:38:33.719Z] >>> HTTP REQUEST GET https://cloudfunctions.googleapis.com/v1/operations/b25zdXJhbmNlLWNvL3VzLWNlbnRyYWwxL2dldHJlcXVlc3QvekhtYWVvcnNfVkk  
  
 Sat Aug 11 2018 04:38:33 GMT-0300 (-03)
[debug] [2018-08-11T07:38:34.143Z] >>> HTTP REQUEST GET https://cloudfunctions.googleapis.com/v1/operations/b25zdXJhbmNlLWNvL3VzLWNlbnRyYWwxL2NyaWFQZXJmaWxDb21wbGV0by9HWW1GY0RuT2oxdw  
  
 Sat Aug 11 2018 04:38:34 GMT-0300 (-03)
[debug] [2018-08-11T07:38:34.533Z] <<< HTTP RESPONSE 200
[debug] [2018-08-11T07:38:34.810Z] >>> HTTP REQUEST GET https://cloudfunctions.googleapis.com/v1/operations/b25zdXJhbmNlLWNvL3VzLWNlbnRyYWwxL2JvdFNpbXVsYWNhby9IS3dFamMweUpQQQ  
  
 Sat Aug 11 2018 04:38:34 GMT-0300 (-03)
[debug] [2018-08-11T07:38:34.886Z] <<< HTTP RESPONSE 200
[debug] [2018-08-11T07:38:34.933Z] <<< HTTP RESPONSE 200
[debug] [2018-08-11T07:38:35.413Z] >>> HTTP REQUEST GET https://cloudfunctions.googleapis.com/v1/operations/b25zdXJhbmNlLWNvL3VzLWNlbnRyYWwxL3Byb3RlY2FvLzRxam80RHFadmVZ  
  
 Sat Aug 11 2018 04:38:35 GMT-0300 (-03)
[debug] [2018-08-11T07:38:35.687Z] >>> HTTP REQUEST GET https://cloudfunctions.googleapis.com/v1/operations/b25zdXJhbmNlLWNvL3VzLWNlbnRyYWwxL3NpbUxpZ2FEZXNsaWdhL1FQaFlFTm54UWUw  
  
 Sat Aug 11 2018 04:38:35 GMT-0300 (-03)
[debug] [2018-08-11T07:38:36.112Z] <<< HTTP RESPONSE 200
[debug] [2018-08-11T07:38:36.113Z] <<< HTTP RESPONSE 200
[debug] [2018-08-11T07:38:36.535Z] >>> HTTP REQUEST GET https://cloudfunctions.googleapis.com/v1/operations/b25zdXJhbmNlLWNvL3VzLWNlbnRyYWwxL2NyaWFQZXJmaWxDb21wbGV0by9HWW1GY0RuT2oxdw  
  
 Sat Aug 11 2018 04:38:36 GMT-0300 (-03)
[debug] [2018-08-11T07:38:36.637Z] <<< HTTP RESPONSE 200
[debug] [2018-08-11T07:38:36.887Z] >>> HTTP REQUEST GET https://cloudfunctions.googleapis.com/v1/operations/b25zdXJhbmNlLWNvL3VzLWNlbnRyYWwxL3dvb1dlYmhvb2svakdFN2F0bVBxaGs  
  
 Sat Aug 11 2018 04:38:36 GMT-0300 (-03)
[debug] [2018-08-11T07:38:36.935Z] >>> HTTP REQUEST GET https://cloudfunctions.googleapis.com/v1/operations/b25zdXJhbmNlLWNvL3VzLWNlbnRyYWwxL2dldHJlcXVlc3QvekhtYWVvcnNfVkk  
  
 Sat Aug 11 2018 04:38:36 GMT-0300 (-03)
[debug] [2018-08-11T07:38:37.799Z] <<< HTTP RESPONSE 200
[debug] [2018-08-11T07:38:38.114Z] >>> HTTP REQUEST GET https://cloudfunctions.googleapis.com/v1/operations/b25zdXJhbmNlLWNvL3VzLWNlbnRyYWwxL2JvdFNpbXVsYWNhby9IS3dFamMweUpQQQ  
  
 Sat Aug 11 2018 04:38:38 GMT-0300 (-03)
[debug] [2018-08-11T07:38:38.115Z] >>> HTTP REQUEST GET https://cloudfunctions.googleapis.com/v1/operations/b25zdXJhbmNlLWNvL3VzLWNlbnRyYWwxL3NpbUxpZ2FEZXNsaWdhL1FQaFlFTm54UWUw  
  
 Sat Aug 11 2018 04:38:38 GMT-0300 (-03)
[debug] [2018-08-11T07:38:38.124Z] <<< HTTP RESPONSE 200
[debug] [2018-08-11T07:38:38.217Z] <<< HTTP RESPONSE 200
[debug] [2018-08-11T07:38:38.641Z] >>> HTTP REQUEST GET https://cloudfunctions.googleapis.com/v1/operations/b25zdXJhbmNlLWNvL3VzLWNlbnRyYWwxL3Byb3RlY2FvLzRxam80RHFadmVZ  
  
 Sat Aug 11 2018 04:38:38 GMT-0300 (-03)
[debug] [2018-08-11T07:38:39.387Z] <<< HTTP RESPONSE 200
[debug] [2018-08-11T07:38:39.411Z] <<< HTTP RESPONSE 200
[debug] [2018-08-11T07:38:39.803Z] >>> HTTP REQUEST GET https://cloudfunctions.googleapis.com/v1/operations/b25zdXJhbmNlLWNvL3VzLWNlbnRyYWwxL2NyaWFQZXJmaWxDb21wbGV0by9HWW1GY0RuT2oxdw  
  
 Sat Aug 11 2018 04:38:39 GMT-0300 (-03)
[debug] [2018-08-11T07:38:39.868Z] <<< HTTP RESPONSE 200
[debug] [2018-08-11T07:38:40.128Z] >>> HTTP REQUEST GET https://cloudfunctions.googleapis.com/v1/operations/b25zdXJhbmNlLWNvL3VzLWNlbnRyYWwxL3dvb1dlYmhvb2svakdFN2F0bVBxaGs  
  
 Sat Aug 11 2018 04:38:40 GMT-0300 (-03)
[debug] [2018-08-11T07:38:40.173Z] <<< HTTP RESPONSE 200
[debug] [2018-08-11T07:38:40.218Z] >>> HTTP REQUEST GET https://cloudfunctions.googleapis.com/v1/operations/b25zdXJhbmNlLWNvL3VzLWNlbnRyYWwxL2dldHJlcXVlc3QvekhtYWVvcnNfVkk  
  
 Sat Aug 11 2018 04:38:40 GMT-0300 (-03)
[debug] [2018-08-11T07:38:41.360Z] <<< HTTP RESPONSE 200
[debug] [2018-08-11T07:38:41.390Z] >>> HTTP REQUEST GET https://cloudfunctions.googleapis.com/v1/operations/b25zdXJhbmNlLWNvL3VzLWNlbnRyYWwxL2JvdFNpbXVsYWNhby9IS3dFamMweUpQQQ  
  
 Sat Aug 11 2018 04:38:41 GMT-0300 (-03)
[debug] [2018-08-11T07:38:41.415Z] >>> HTTP REQUEST GET https://cloudfunctions.googleapis.com/v1/operations/b25zdXJhbmNlLWNvL3VzLWNlbnRyYWwxL3NpbUxpZ2FEZXNsaWdhL1FQaFlFTm54UWUw  
  
 Sat Aug 11 2018 04:38:41 GMT-0300 (-03)
[debug] [2018-08-11T07:38:41.451Z] <<< HTTP RESPONSE 200
[debug] [2018-08-11T07:38:41.873Z] >>> HTTP REQUEST GET https://cloudfunctions.googleapis.com/v1/operations/b25zdXJhbmNlLWNvL3VzLWNlbnRyYWwxL3Byb3RlY2FvLzRxam80RHFadmVZ  
  
 Sat Aug 11 2018 04:38:41 GMT-0300 (-03)
[debug] [2018-08-11T07:38:42.177Z] >>> HTTP REQUEST GET https://cloudfunctions.googleapis.com/v1/operations/b25zdXJhbmNlLWNvL3VzLWNlbnRyYWwxL2NyaWFQZXJmaWxDb21wbGV0by9HWW1GY0RuT2oxdw  
  
 Sat Aug 11 2018 04:38:42 GMT-0300 (-03)
[debug] [2018-08-11T07:38:42.632Z] <<< HTTP RESPONSE 200
[debug] [2018-08-11T07:38:42.744Z] <<< HTTP RESPONSE 200
[debug] [2018-08-11T07:38:43.122Z] <<< HTTP RESPONSE 200
[debug] [2018-08-11T07:38:43.361Z] >>> HTTP REQUEST GET https://cloudfunctions.googleapis.com/v1/operations/b25zdXJhbmNlLWNvL3VzLWNlbnRyYWwxL3dvb1dlYmhvb2svakdFN2F0bVBxaGs  
  
 Sat Aug 11 2018 04:38:43 GMT-0300 (-03)
[debug] [2018-08-11T07:38:43.435Z] <<< HTTP RESPONSE 200
[debug] [2018-08-11T07:38:43.453Z] >>> HTTP REQUEST GET https://cloudfunctions.googleapis.com/v1/operations/b25zdXJhbmNlLWNvL3VzLWNlbnRyYWwxL2dldHJlcXVlc3QvekhtYWVvcnNfVkk  
  
 Sat Aug 11 2018 04:38:43 GMT-0300 (-03)
[debug] [2018-08-11T07:38:44.579Z] <<< HTTP RESPONSE 200
[debug] [2018-08-11T07:38:44.637Z] >>> HTTP REQUEST GET https://cloudfunctions.googleapis.com/v1/operations/b25zdXJhbmNlLWNvL3VzLWNlbnRyYWwxL3NpbUxpZ2FEZXNsaWdhL1FQaFlFTm54UWUw  
  
 Sat Aug 11 2018 04:38:44 GMT-0300 (-03)
[debug] [2018-08-11T07:38:44.694Z] <<< HTTP RESPONSE 200
[debug] [2018-08-11T07:38:44.747Z] >>> HTTP REQUEST GET https://cloudfunctions.googleapis.com/v1/operations/b25zdXJhbmNlLWNvL3VzLWNlbnRyYWwxL2JvdFNpbXVsYWNhby9IS3dFamMweUpQQQ  
  
 Sat Aug 11 2018 04:38:44 GMT-0300 (-03)
[debug] [2018-08-11T07:38:45.126Z] >>> HTTP REQUEST GET https://cloudfunctions.googleapis.com/v1/operations/b25zdXJhbmNlLWNvL3VzLWNlbnRyYWwxL3Byb3RlY2FvLzRxam80RHFadmVZ  
  
 Sat Aug 11 2018 04:38:45 GMT-0300 (-03)
[debug] [2018-08-11T07:38:45.437Z] >>> HTTP REQUEST GET https://cloudfunctions.googleapis.com/v1/operations/b25zdXJhbmNlLWNvL3VzLWNlbnRyYWwxL2NyaWFQZXJmaWxDb21wbGV0by9HWW1GY0RuT2oxdw  
  
 Sat Aug 11 2018 04:38:45 GMT-0300 (-03)
[debug] [2018-08-11T07:38:45.917Z] <<< HTTP RESPONSE 200
[debug] [2018-08-11T07:38:46.037Z] <<< HTTP RESPONSE 200
[debug] [2018-08-11T07:38:46.326Z] <<< HTTP RESPONSE 200
[debug] [2018-08-11T07:38:46.582Z] >>> HTTP REQUEST GET https://cloudfunctions.googleapis.com/v1/operations/b25zdXJhbmNlLWNvL3VzLWNlbnRyYWwxL3dvb1dlYmhvb2svakdFN2F0bVBxaGs  
  
 Sat Aug 11 2018 04:38:46 GMT-0300 (-03)
[debug] [2018-08-11T07:38:46.655Z] <<< HTTP RESPONSE 200
[debug] [2018-08-11T07:38:46.699Z] >>> HTTP REQUEST GET https://cloudfunctions.googleapis.com/v1/operations/b25zdXJhbmNlLWNvL3VzLWNlbnRyYWwxL2dldHJlcXVlc3QvekhtYWVvcnNfVkk  
  
 Sat Aug 11 2018 04:38:46 GMT-0300 (-03)
[debug] [2018-08-11T07:38:46.929Z] <<< HTTP RESPONSE 200
[debug] [2018-08-11T07:38:47.926Z] >>> HTTP REQUEST GET https://cloudfunctions.googleapis.com/v1/operations/b25zdXJhbmNlLWNvL3VzLWNlbnRyYWwxL3NpbUxpZ2FEZXNsaWdhL1FQaFlFTm54UWUw  
  
 Sat Aug 11 2018 04:38:47 GMT-0300 (-03)
[debug] [2018-08-11T07:38:47.952Z] <<< HTTP RESPONSE 200
[debug] [2018-08-11T07:38:48.040Z] >>> HTTP REQUEST GET https://cloudfunctions.googleapis.com/v1/operations/b25zdXJhbmNlLWNvL3VzLWNlbnRyYWwxL2JvdFNpbXVsYWNhby9IS3dFamMweUpQQQ  
  
 Sat Aug 11 2018 04:38:48 GMT-0300 (-03)
[debug] [2018-08-11T07:38:48.330Z] >>> HTTP REQUEST GET https://cloudfunctions.googleapis.com/v1/operations/b25zdXJhbmNlLWNvL3VzLWNlbnRyYWwxL3Byb3RlY2FvLzRxam80RHFadmVZ  
  
 Sat Aug 11 2018 04:38:48 GMT-0300 (-03)
[debug] [2018-08-11T07:38:48.656Z] >>> HTTP REQUEST GET https://cloudfunctions.googleapis.com/v1/operations/b25zdXJhbmNlLWNvL3VzLWNlbnRyYWwxL2NyaWFQZXJmaWxDb21wbGV0by9HWW1GY0RuT2oxdw  
  
 Sat Aug 11 2018 04:38:48 GMT-0300 (-03)
[debug] [2018-08-11T07:38:48.934Z] >>> HTTP REQUEST GET https://cloudfunctions.googleapis.com/v1/operations/b25zdXJhbmNlLWNvL3VzLWNlbnRyYWwxL3dvb1dlYmhvb2svakdFN2F0bVBxaGs  
  
 Sat Aug 11 2018 04:38:48 GMT-0300 (-03)
[debug] [2018-08-11T07:38:49.018Z] <<< HTTP RESPONSE 200
[debug] [2018-08-11T07:38:49.141Z] <<< HTTP RESPONSE 200
[debug] [2018-08-11T07:38:49.308Z] <<< HTTP RESPONSE 200
[debug] [2018-08-11T07:38:49.312Z] <<< HTTP RESPONSE 200
[debug] [2018-08-11T07:38:49.572Z] <<< HTTP RESPONSE 200
[debug] [2018-08-11T07:38:49.956Z] >>> HTTP REQUEST GET https://cloudfunctions.googleapis.com/v1/operations/b25zdXJhbmNlLWNvL3VzLWNlbnRyYWwxL2dldHJlcXVlc3QvekhtYWVvcnNfVkk  
  
 Sat Aug 11 2018 04:38:49 GMT-0300 (-03)
[debug] [2018-08-11T07:38:51.021Z] >>> HTTP REQUEST GET https://cloudfunctions.googleapis.com/v1/operations/b25zdXJhbmNlLWNvL3VzLWNlbnRyYWwxL2NyaWFQZXJmaWxDb21wbGV0by9HWW1GY0RuT2oxdw  
  
 Sat Aug 11 2018 04:38:51 GMT-0300 (-03)
[debug] [2018-08-11T07:38:51.145Z] >>> HTTP REQUEST GET https://cloudfunctions.googleapis.com/v1/operations/b25zdXJhbmNlLWNvL3VzLWNlbnRyYWwxL3NpbUxpZ2FEZXNsaWdhL1FQaFlFTm54UWUw  
  
 Sat Aug 11 2018 04:38:51 GMT-0300 (-03)
[debug] [2018-08-11T07:38:51.194Z] <<< HTTP RESPONSE 200
[debug] [2018-08-11T07:38:51.311Z] >>> HTTP REQUEST GET https://cloudfunctions.googleapis.com/v1/operations/b25zdXJhbmNlLWNvL3VzLWNlbnRyYWwxL2JvdFNpbXVsYWNhby9IS3dFamMweUpQQQ  
  
 Sat Aug 11 2018 04:38:51 GMT-0300 (-03)
[debug] [2018-08-11T07:38:51.313Z] >>> HTTP REQUEST GET https://cloudfunctions.googleapis.com/v1/operations/b25zdXJhbmNlLWNvL3VzLWNlbnRyYWwxL3dvb1dlYmhvb2svakdFN2F0bVBxaGs  
  
 Sat Aug 11 2018 04:38:51 GMT-0300 (-03)
[debug] [2018-08-11T07:38:51.578Z] >>> HTTP REQUEST GET https://cloudfunctions.googleapis.com/v1/operations/b25zdXJhbmNlLWNvL3VzLWNlbnRyYWwxL3Byb3RlY2FvLzRxam80RHFadmVZ  
  
 Sat Aug 11 2018 04:38:51 GMT-0300 (-03)
[debug] [2018-08-11T07:38:51.734Z] <<< HTTP RESPONSE 200
[debug] [2018-08-11T07:38:51.957Z] <<< HTTP RESPONSE 200
[debug] [2018-08-11T07:38:52.275Z] <<< HTTP RESPONSE 200
[debug] [2018-08-11T07:38:52.361Z] <<< HTTP RESPONSE 200
[debug] [2018-08-11T07:38:52.564Z] <<< HTTP RESPONSE 200
[debug] [2018-08-11T07:38:53.198Z] >>> HTTP REQUEST GET https://cloudfunctions.googleapis.com/v1/operations/b25zdXJhbmNlLWNvL3VzLWNlbnRyYWwxL2dldHJlcXVlc3QvekhtYWVvcnNfVkk  
  
 Sat Aug 11 2018 04:38:53 GMT-0300 (-03)
[debug] [2018-08-11T07:38:53.739Z] >>> HTTP REQUEST GET https://cloudfunctions.googleapis.com/v1/operations/b25zdXJhbmNlLWNvL3VzLWNlbnRyYWwxL3dvb1dlYmhvb2svakdFN2F0bVBxaGs  
  
 Sat Aug 11 2018 04:38:53 GMT-0300 (-03)
[debug] [2018-08-11T07:38:53.960Z] >>> HTTP REQUEST GET https://cloudfunctions.googleapis.com/v1/operations/b25zdXJhbmNlLWNvL3VzLWNlbnRyYWwxL3Byb3RlY2FvLzRxam80RHFadmVZ  
  
 Sat Aug 11 2018 04:38:53 GMT-0300 (-03)
[debug] [2018-08-11T07:38:54.276Z] >>> HTTP REQUEST GET https://cloudfunctions.googleapis.com/v1/operations/b25zdXJhbmNlLWNvL3VzLWNlbnRyYWwxL2NyaWFQZXJmaWxDb21wbGV0by9HWW1GY0RuT2oxdw  
  
 Sat Aug 11 2018 04:38:54 GMT-0300 (-03)
[debug] [2018-08-11T07:38:54.364Z] >>> HTTP REQUEST GET https://cloudfunctions.googleapis.com/v1/operations/b25zdXJhbmNlLWNvL3VzLWNlbnRyYWwxL3NpbUxpZ2FEZXNsaWdhL1FQaFlFTm54UWUw  
  
 Sat Aug 11 2018 04:38:54 GMT-0300 (-03)
[debug] [2018-08-11T07:38:54.483Z] <<< HTTP RESPONSE 200
[debug] [2018-08-11T07:38:54.566Z] >>> HTTP REQUEST GET https://cloudfunctions.googleapis.com/v1/operations/b25zdXJhbmNlLWNvL3VzLWNlbnRyYWwxL2JvdFNpbXVsYWNhby9IS3dFamMweUpQQQ  
  
 Sat Aug 11 2018 04:38:54 GMT-0300 (-03)
[debug] [2018-08-11T07:38:55.021Z] <<< HTTP RESPONSE 200
[debug] [2018-08-11T07:38:55.224Z] <<< HTTP RESPONSE 200
[debug] [2018-08-11T07:38:55.507Z] <<< HTTP RESPONSE 200
[debug] [2018-08-11T07:38:55.629Z] <<< HTTP RESPONSE 200
[debug] [2018-08-11T07:38:55.800Z] <<< HTTP RESPONSE 200
[debug] [2018-08-11T07:38:56.489Z] >>> HTTP REQUEST GET https://cloudfunctions.googleapis.com/v1/operations/b25zdXJhbmNlLWNvL3VzLWNlbnRyYWwxL2dldHJlcXVlc3QvekhtYWVvcnNfVkk  
  
 Sat Aug 11 2018 04:38:56 GMT-0300 (-03)
[debug] [2018-08-11T07:38:57.026Z] >>> HTTP REQUEST GET https://cloudfunctions.googleapis.com/v1/operations/b25zdXJhbmNlLWNvL3VzLWNlbnRyYWwxL3dvb1dlYmhvb2svakdFN2F0bVBxaGs  
  
 Sat Aug 11 2018 04:38:57 GMT-0300 (-03)
[debug] [2018-08-11T07:38:57.224Z] >>> HTTP REQUEST GET https://cloudfunctions.googleapis.com/v1/operations/b25zdXJhbmNlLWNvL3VzLWNlbnRyYWwxL3Byb3RlY2FvLzRxam80RHFadmVZ  
  
 Sat Aug 11 2018 04:38:57 GMT-0300 (-03)
[debug] [2018-08-11T07:38:57.508Z] >>> HTTP REQUEST GET https://cloudfunctions.googleapis.com/v1/operations/b25zdXJhbmNlLWNvL3VzLWNlbnRyYWwxL2NyaWFQZXJmaWxDb21wbGV0by9HWW1GY0RuT2oxdw  
  
 Sat Aug 11 2018 04:38:57 GMT-0300 (-03)
[debug] [2018-08-11T07:38:57.601Z] <<< HTTP RESPONSE 200
[debug] [2018-08-11T07:38:57.630Z] >>> HTTP REQUEST GET https://cloudfunctions.googleapis.com/v1/operations/b25zdXJhbmNlLWNvL3VzLWNlbnRyYWwxL3NpbUxpZ2FEZXNsaWdhL1FQaFlFTm54UWUw  
  
 Sat Aug 11 2018 04:38:57 GMT-0300 (-03)
[debug] [2018-08-11T07:38:57.719Z] <<< HTTP RESPONSE 200
[debug] [2018-08-11T07:38:57.805Z] >>> HTTP REQUEST GET https://cloudfunctions.googleapis.com/v1/operations/b25zdXJhbmNlLWNvL3VzLWNlbnRyYWwxL2JvdFNpbXVsYWNhby9IS3dFamMweUpQQQ  
  
 Sat Aug 11 2018 04:38:57 GMT-0300 (-03)
[debug] [2018-08-11T07:38:58.233Z] <<< HTTP RESPONSE 200
[debug] [2018-08-11T07:38:58.831Z] <<< HTTP RESPONSE 200
[debug] [2018-08-11T07:38:58.877Z] <<< HTTP RESPONSE 200
[debug] [2018-08-11T07:38:59.012Z] <<< HTTP RESPONSE 200
[debug] [2018-08-11T07:38:59.603Z] >>> HTTP REQUEST GET https://cloudfunctions.googleapis.com/v1/operations/b25zdXJhbmNlLWNvL3VzLWNlbnRyYWwxL3Byb3RlY2FvLzRxam80RHFadmVZ  
  
 Sat Aug 11 2018 04:38:59 GMT-0300 (-03)
[debug] [2018-08-11T07:38:59.723Z] >>> HTTP REQUEST GET https://cloudfunctions.googleapis.com/v1/operations/b25zdXJhbmNlLWNvL3VzLWNlbnRyYWwxL2dldHJlcXVlc3QvekhtYWVvcnNfVkk  
  
 Sat Aug 11 2018 04:38:59 GMT-0300 (-03)
[debug] [2018-08-11T07:39:00.236Z] >>> HTTP REQUEST GET https://cloudfunctions.googleapis.com/v1/operations/b25zdXJhbmNlLWNvL3VzLWNlbnRyYWwxL3dvb1dlYmhvb2svakdFN2F0bVBxaGs  
  
 Sat Aug 11 2018 04:39:00 GMT-0300 (-03)
[debug] [2018-08-11T07:39:00.824Z] <<< HTTP RESPONSE 200
[debug] [2018-08-11T07:39:00.833Z] >>> HTTP REQUEST GET https://cloudfunctions.googleapis.com/v1/operations/b25zdXJhbmNlLWNvL3VzLWNlbnRyYWwxL2NyaWFQZXJmaWxDb21wbGV0by9HWW1GY0RuT2oxdw  
  
 Sat Aug 11 2018 04:39:00 GMT-0300 (-03)
[debug] [2018-08-11T07:39:00.878Z] >>> HTTP REQUEST GET https://cloudfunctions.googleapis.com/v1/operations/b25zdXJhbmNlLWNvL3VzLWNlbnRyYWwxL3NpbUxpZ2FEZXNsaWdhL1FQaFlFTm54UWUw  
  
 Sat Aug 11 2018 04:39:00 GMT-0300 (-03)
[debug] [2018-08-11T07:39:00.933Z] <<< HTTP RESPONSE 200
[debug] [2018-08-11T07:39:01.017Z] >>> HTTP REQUEST GET https://cloudfunctions.googleapis.com/v1/operations/b25zdXJhbmNlLWNvL3VzLWNlbnRyYWwxL2JvdFNpbXVsYWNhby9IS3dFamMweUpQQQ  
  
 Sat Aug 11 2018 04:39:01 GMT-0300 (-03)
[debug] [2018-08-11T07:39:01.457Z] <<< HTTP RESPONSE 200
[debug] [2018-08-11T07:39:02.037Z] <<< HTTP RESPONSE 200
[debug] [2018-08-11T07:39:02.097Z] <<< HTTP RESPONSE 200
[debug] [2018-08-11T07:39:02.223Z] <<< HTTP RESPONSE 200
[debug] [2018-08-11T07:39:02.823Z] >>> HTTP REQUEST GET https://cloudfunctions.googleapis.com/v1/operations/b25zdXJhbmNlLWNvL3VzLWNlbnRyYWwxL3Byb3RlY2FvLzRxam80RHFadmVZ  
  
 Sat Aug 11 2018 04:39:02 GMT-0300 (-03)
[debug] [2018-08-11T07:39:02.935Z] >>> HTTP REQUEST GET https://cloudfunctions.googleapis.com/v1/operations/b25zdXJhbmNlLWNvL3VzLWNlbnRyYWwxL2dldHJlcXVlc3QvekhtYWVvcnNfVkk  
  
 Sat Aug 11 2018 04:39:02 GMT-0300 (-03)
[debug] [2018-08-11T07:39:03.457Z] >>> HTTP REQUEST GET https://cloudfunctions.googleapis.com/v1/operations/b25zdXJhbmNlLWNvL3VzLWNlbnRyYWwxL3dvb1dlYmhvb2svakdFN2F0bVBxaGs  
  
 Sat Aug 11 2018 04:39:03 GMT-0300 (-03)
[debug] [2018-08-11T07:39:04.042Z] >>> HTTP REQUEST GET https://cloudfunctions.googleapis.com/v1/operations/b25zdXJhbmNlLWNvL3VzLWNlbnRyYWwxL2NyaWFQZXJmaWxDb21wbGV0by9HWW1GY0RuT2oxdw  
  
 Sat Aug 11 2018 04:39:04 GMT-0300 (-03)
[debug] [2018-08-11T07:39:04.085Z] <<< HTTP RESPONSE 200
[debug] [2018-08-11T07:39:04.099Z] >>> HTTP REQUEST GET https://cloudfunctions.googleapis.com/v1/operations/b25zdXJhbmNlLWNvL3VzLWNlbnRyYWwxL3NpbUxpZ2FEZXNsaWdhL1FQaFlFTm54UWUw  
  
 Sat Aug 11 2018 04:39:04 GMT-0300 (-03)
[debug] [2018-08-11T07:39:04.136Z] <<< HTTP RESPONSE 200
[debug] [2018-08-11T07:39:04.224Z] >>> HTTP REQUEST GET https://cloudfunctions.googleapis.com/v1/operations/b25zdXJhbmNlLWNvL3VzLWNlbnRyYWwxL2JvdFNpbXVsYWNhby9IS3dFamMweUpQQQ  
  
 Sat Aug 11 2018 04:39:04 GMT-0300 (-03)
[debug] [2018-08-11T07:39:04.678Z] <<< HTTP RESPONSE 200
[debug] [2018-08-11T07:39:05.302Z] <<< HTTP RESPONSE 200
[debug] [2018-08-11T07:39:05.361Z] <<< HTTP RESPONSE 200
[debug] [2018-08-11T07:39:05.510Z] <<< HTTP RESPONSE 200
[debug] [2018-08-11T07:39:06.087Z] >>> HTTP REQUEST GET https://cloudfunctions.googleapis.com/v1/operations/b25zdXJhbmNlLWNvL3VzLWNlbnRyYWwxL3Byb3RlY2FvLzRxam80RHFadmVZ  
  
 Sat Aug 11 2018 04:39:06 GMT-0300 (-03)
[debug] [2018-08-11T07:39:06.141Z] >>> HTTP REQUEST GET https://cloudfunctions.googleapis.com/v1/operations/b25zdXJhbmNlLWNvL3VzLWNlbnRyYWwxL2dldHJlcXVlc3QvekhtYWVvcnNfVkk  
  
 Sat Aug 11 2018 04:39:06 GMT-0300 (-03)
[debug] [2018-08-11T07:39:06.682Z] >>> HTTP REQUEST GET https://cloudfunctions.googleapis.com/v1/operations/b25zdXJhbmNlLWNvL3VzLWNlbnRyYWwxL3dvb1dlYmhvb2svakdFN2F0bVBxaGs  
  
 Sat Aug 11 2018 04:39:06 GMT-0300 (-03)
[debug] [2018-08-11T07:39:07.303Z] >>> HTTP REQUEST GET https://cloudfunctions.googleapis.com/v1/operations/b25zdXJhbmNlLWNvL3VzLWNlbnRyYWwxL2NyaWFQZXJmaWxDb21wbGV0by9HWW1GY0RuT2oxdw  
  
 Sat Aug 11 2018 04:39:07 GMT-0300 (-03)
[debug] [2018-08-11T07:39:07.349Z] <<< HTTP RESPONSE 200
[debug] [2018-08-11T07:39:07.365Z] >>> HTTP REQUEST GET https://cloudfunctions.googleapis.com/v1/operations/b25zdXJhbmNlLWNvL3VzLWNlbnRyYWwxL3NpbUxpZ2FEZXNsaWdhL1FQaFlFTm54UWUw  
  
 Sat Aug 11 2018 04:39:07 GMT-0300 (-03)
[debug] [2018-08-11T07:39:07.380Z] <<< HTTP RESPONSE 200
[debug] [2018-08-11T07:39:07.511Z] >>> HTTP REQUEST GET https://cloudfunctions.googleapis.com/v1/operations/b25zdXJhbmNlLWNvL3VzLWNlbnRyYWwxL2JvdFNpbXVsYWNhby9IS3dFamMweUpQQQ  
  
 Sat Aug 11 2018 04:39:07 GMT-0300 (-03)
[debug] [2018-08-11T07:39:08.080Z] <<< HTTP RESPONSE 200
[debug] [2018-08-11T07:39:08.555Z] <<< HTTP RESPONSE 200
[debug] [2018-08-11T07:39:08.603Z] <<< HTTP RESPONSE 200
[debug] [2018-08-11T07:39:08.701Z] <<< HTTP RESPONSE 200
[debug] [2018-08-11T07:39:09.354Z] >>> HTTP REQUEST GET https://cloudfunctions.googleapis.com/v1/operations/b25zdXJhbmNlLWNvL3VzLWNlbnRyYWwxL3Byb3RlY2FvLzRxam80RHFadmVZ  
  
 Sat Aug 11 2018 04:39:09 GMT-0300 (-03)
[debug] [2018-08-11T07:39:09.385Z] >>> HTTP REQUEST GET https://cloudfunctions.googleapis.com/v1/operations/b25zdXJhbmNlLWNvL3VzLWNlbnRyYWwxL2dldHJlcXVlc3QvekhtYWVvcnNfVkk  
  
 Sat Aug 11 2018 04:39:09 GMT-0300 (-03)
[debug] [2018-08-11T07:39:10.086Z] >>> HTTP REQUEST GET https://cloudfunctions.googleapis.com/v1/operations/b25zdXJhbmNlLWNvL3VzLWNlbnRyYWwxL3dvb1dlYmhvb2svakdFN2F0bVBxaGs  
  
 Sat Aug 11 2018 04:39:10 GMT-0300 (-03)
[debug] [2018-08-11T07:39:10.557Z] >>> HTTP REQUEST GET https://cloudfunctions.googleapis.com/v1/operations/b25zdXJhbmNlLWNvL3VzLWNlbnRyYWwxL2NyaWFQZXJmaWxDb21wbGV0by9HWW1GY0RuT2oxdw  
  
 Sat Aug 11 2018 04:39:10 GMT-0300 (-03)
[debug] [2018-08-11T07:39:10.599Z] <<< HTTP RESPONSE 200
[debug] [2018-08-11T07:39:10.604Z] >>> HTTP REQUEST GET https://cloudfunctions.googleapis.com/v1/operations/b25zdXJhbmNlLWNvL3VzLWNlbnRyYWwxL3NpbUxpZ2FEZXNsaWdhL1FQaFlFTm54UWUw  
  
 Sat Aug 11 2018 04:39:10 GMT-0300 (-03)
[debug] [2018-08-11T07:39:10.642Z] <<< HTTP RESPONSE 200
[debug] [2018-08-11T07:39:10.708Z] >>> HTTP REQUEST GET https://cloudfunctions.googleapis.com/v1/operations/b25zdXJhbmNlLWNvL3VzLWNlbnRyYWwxL2JvdFNpbXVsYWNhby9IS3dFamMweUpQQQ  
  
 Sat Aug 11 2018 04:39:10 GMT-0300 (-03)
[debug] [2018-08-11T07:39:11.362Z] <<< HTTP RESPONSE 200
[debug] [2018-08-11T07:39:11.811Z] <<< HTTP RESPONSE 200
[debug] [2018-08-11T07:39:11.860Z] <<< HTTP RESPONSE 200
[debug] [2018-08-11T07:39:11.964Z] <<< HTTP RESPONSE 200
[debug] [2018-08-11T07:39:12.605Z] >>> HTTP REQUEST GET https://cloudfunctions.googleapis.com/v1/operations/b25zdXJhbmNlLWNvL3VzLWNlbnRyYWwxL3Byb3RlY2FvLzRxam80RHFadmVZ  
  
 Sat Aug 11 2018 04:39:12 GMT-0300 (-03)
[debug] [2018-08-11T07:39:12.644Z] >>> HTTP REQUEST GET https://cloudfunctions.googleapis.com/v1/operations/b25zdXJhbmNlLWNvL3VzLWNlbnRyYWwxL2dldHJlcXVlc3QvekhtYWVvcnNfVkk  
  
 Sat Aug 11 2018 04:39:12 GMT-0300 (-03)
[debug] [2018-08-11T07:39:13.364Z] >>> HTTP REQUEST GET https://cloudfunctions.googleapis.com/v1/operations/b25zdXJhbmNlLWNvL3VzLWNlbnRyYWwxL3dvb1dlYmhvb2svakdFN2F0bVBxaGs  
  
 Sat Aug 11 2018 04:39:13 GMT-0300 (-03)
[debug] [2018-08-11T07:39:13.813Z] >>> HTTP REQUEST GET https://cloudfunctions.googleapis.com/v1/operations/b25zdXJhbmNlLWNvL3VzLWNlbnRyYWwxL2NyaWFQZXJmaWxDb21wbGV0by9HWW1GY0RuT2oxdw  
  
 Sat Aug 11 2018 04:39:13 GMT-0300 (-03)
[debug] [2018-08-11T07:39:13.822Z] <<< HTTP RESPONSE 200
[debug] [2018-08-11T07:39:13.862Z] >>> HTTP REQUEST GET https://cloudfunctions.googleapis.com/v1/operations/b25zdXJhbmNlLWNvL3VzLWNlbnRyYWwxL3NpbUxpZ2FEZXNsaWdhL1FQaFlFTm54UWUw  
  
 Sat Aug 11 2018 04:39:13 GMT-0300 (-03)
[debug] [2018-08-11T07:39:13.900Z] <<< HTTP RESPONSE 200
[debug] [2018-08-11T07:39:13.966Z] >>> HTTP REQUEST GET https://cloudfunctions.googleapis.com/v1/operations/b25zdXJhbmNlLWNvL3VzLWNlbnRyYWwxL2JvdFNpbXVsYWNhby9IS3dFamMweUpQQQ  
  
 Sat Aug 11 2018 04:39:13 GMT-0300 (-03)
[debug] [2018-08-11T07:39:14.865Z] <<< HTTP RESPONSE 200
[debug] [2018-08-11T07:39:15.056Z] <<< HTTP RESPONSE 200
[debug] [2018-08-11T07:39:15.170Z] <<< HTTP RESPONSE 200
[debug] [2018-08-11T07:39:15.205Z] <<< HTTP RESPONSE 200
[debug] [2018-08-11T07:39:15.828Z] >>> HTTP REQUEST GET https://cloudfunctions.googleapis.com/v1/operations/b25zdXJhbmNlLWNvL3VzLWNlbnRyYWwxL3Byb3RlY2FvLzRxam80RHFadmVZ  
  
 Sat Aug 11 2018 04:39:15 GMT-0300 (-03)
[debug] [2018-08-11T07:39:15.902Z] >>> HTTP REQUEST GET https://cloudfunctions.googleapis.com/v1/operations/b25zdXJhbmNlLWNvL3VzLWNlbnRyYWwxL2dldHJlcXVlc3QvekhtYWVvcnNfVkk  
  
 Sat Aug 11 2018 04:39:15 GMT-0300 (-03)
[debug] [2018-08-11T07:39:16.869Z] >>> HTTP REQUEST GET https://cloudfunctions.googleapis.com/v1/operations/b25zdXJhbmNlLWNvL3VzLWNlbnRyYWwxL3dvb1dlYmhvb2svakdFN2F0bVBxaGs  
  
 Sat Aug 11 2018 04:39:16 GMT-0300 (-03)
[debug] [2018-08-11T07:39:17.054Z] <<< HTTP RESPONSE 200
[debug] [2018-08-11T07:39:17.056Z] >>> HTTP REQUEST GET https://cloudfunctions.googleapis.com/v1/operations/b25zdXJhbmNlLWNvL3VzLWNlbnRyYWwxL2NyaWFQZXJmaWxDb21wbGV0by9HWW1GY0RuT2oxdw  
  
 Sat Aug 11 2018 04:39:17 GMT-0300 (-03)
[debug] [2018-08-11T07:39:17.106Z] <<< HTTP RESPONSE 200
[debug] [2018-08-11T07:39:17.174Z] >>> HTTP REQUEST GET https://cloudfunctions.googleapis.com/v1/operations/b25zdXJhbmNlLWNvL3VzLWNlbnRyYWwxL3NpbUxpZ2FEZXNsaWdhL1FQaFlFTm54UWUw  
  
 Sat Aug 11 2018 04:39:17 GMT-0300 (-03)
[debug] [2018-08-11T07:39:17.209Z] >>> HTTP REQUEST GET https://cloudfunctions.googleapis.com/v1/operations/b25zdXJhbmNlLWNvL3VzLWNlbnRyYWwxL2JvdFNpbXVsYWNhby9IS3dFamMweUpQQQ  
  
 Sat Aug 11 2018 04:39:17 GMT-0300 (-03)
[debug] [2018-08-11T07:39:18.121Z] <<< HTTP RESPONSE 200
[debug] [2018-08-11T07:39:18.391Z] <<< HTTP RESPONSE 200
[debug] [2018-08-11T07:39:18.447Z] <<< HTTP RESPONSE 200
[debug] [2018-08-11T07:39:19.058Z] >>> HTTP REQUEST GET https://cloudfunctions.googleapis.com/v1/operations/b25zdXJhbmNlLWNvL3VzLWNlbnRyYWwxL3Byb3RlY2FvLzRxam80RHFadmVZ  
  
 Sat Aug 11 2018 04:39:19 GMT-0300 (-03)
[debug] [2018-08-11T07:39:19.109Z] >>> HTTP REQUEST GET https://cloudfunctions.googleapis.com/v1/operations/b25zdXJhbmNlLWNvL3VzLWNlbnRyYWwxL2dldHJlcXVlc3QvekhtYWVvcnNfVkk  
  
 Sat Aug 11 2018 04:39:19 GMT-0300 (-03)
[debug] [2018-08-11T07:39:19.693Z] <<< HTTP RESPONSE 200
[debug] [2018-08-11T07:39:20.125Z] >>> HTTP REQUEST GET https://cloudfunctions.googleapis.com/v1/operations/b25zdXJhbmNlLWNvL3VzLWNlbnRyYWwxL3dvb1dlYmhvb2svakdFN2F0bVBxaGs  
  
 Sat Aug 11 2018 04:39:20 GMT-0300 (-03)
[debug] [2018-08-11T07:39:20.312Z] <<< HTTP RESPONSE 200
[info] ✔  functions[protecao(us-central1)]: Successful update operation. 
[debug] [2018-08-11T07:39:20.346Z] <<< HTTP RESPONSE 200
[debug] [2018-08-11T07:39:20.393Z] >>> HTTP REQUEST GET https://cloudfunctions.googleapis.com/v1/operations/b25zdXJhbmNlLWNvL3VzLWNlbnRyYWwxL3NpbUxpZ2FEZXNsaWdhL1FQaFlFTm54UWUw  
  
 Sat Aug 11 2018 04:39:20 GMT-0300 (-03)
[debug] [2018-08-11T07:39:20.448Z] >>> HTTP REQUEST GET https://cloudfunctions.googleapis.com/v1/operations/b25zdXJhbmNlLWNvL3VzLWNlbnRyYWwxL2JvdFNpbXVsYWNhby9IS3dFamMweUpQQQ  
  
 Sat Aug 11 2018 04:39:20 GMT-0300 (-03)
[debug] [2018-08-11T07:39:20.491Z] <<< HTTP RESPONSE 200
[debug] [2018-08-11T07:39:20.751Z] <<< HTTP RESPONSE 200
[debug] [2018-08-11T07:39:21.698Z] >>> HTTP REQUEST GET https://cloudfunctions.googleapis.com/v1/operations/b25zdXJhbmNlLWNvL3VzLWNlbnRyYWwxL2NyaWFQZXJmaWxDb21wbGV0by9HWW1GY0RuT2oxdw  
  
 Sat Aug 11 2018 04:39:21 GMT-0300 (-03)
[debug] [2018-08-11T07:39:21.709Z] <<< HTTP RESPONSE 200
[debug] [2018-08-11T07:39:22.346Z] >>> HTTP REQUEST GET https://cloudfunctions.googleapis.com/v1/operations/b25zdXJhbmNlLWNvL3VzLWNlbnRyYWwxL2dldHJlcXVlc3QvekhtYWVvcnNfVkk  
  
 Sat Aug 11 2018 04:39:22 GMT-0300 (-03)
[debug] [2018-08-11T07:39:22.497Z] >>> HTTP REQUEST GET https://cloudfunctions.googleapis.com/v1/operations/b25zdXJhbmNlLWNvL3VzLWNlbnRyYWwxL3dvb1dlYmhvb2svakdFN2F0bVBxaGs  
  
 Sat Aug 11 2018 04:39:22 GMT-0300 (-03)
[debug] [2018-08-11T07:39:22.720Z] <<< HTTP RESPONSE 200
[debug] [2018-08-11T07:39:22.752Z] >>> HTTP REQUEST GET https://cloudfunctions.googleapis.com/v1/operations/b25zdXJhbmNlLWNvL3VzLWNlbnRyYWwxL3NpbUxpZ2FEZXNsaWdhL1FQaFlFTm54UWUw  
  
 Sat Aug 11 2018 04:39:22 GMT-0300 (-03)
[debug] [2018-08-11T07:39:22.950Z] <<< HTTP RESPONSE 200
[debug] [2018-08-11T07:39:23.716Z] >>> HTTP REQUEST GET https://cloudfunctions.googleapis.com/v1/operations/b25zdXJhbmNlLWNvL3VzLWNlbnRyYWwxL2JvdFNpbXVsYWNhby9IS3dFamMweUpQQQ  
  
 Sat Aug 11 2018 04:39:23 GMT-0300 (-03)
[debug] [2018-08-11T07:39:23.739Z] <<< HTTP RESPONSE 200
[debug] [2018-08-11T07:39:24.052Z] <<< HTTP RESPONSE 200
[debug] [2018-08-11T07:39:24.103Z] <<< HTTP RESPONSE 200
[debug] [2018-08-11T07:39:24.721Z] >>> HTTP REQUEST GET https://cloudfunctions.googleapis.com/v1/operations/b25zdXJhbmNlLWNvL3VzLWNlbnRyYWwxL2dldHJlcXVlc3QvekhtYWVvcnNfVkk  
  
 Sat Aug 11 2018 04:39:24 GMT-0300 (-03)
[debug] [2018-08-11T07:39:24.953Z] >>> HTTP REQUEST GET https://cloudfunctions.googleapis.com/v1/operations/b25zdXJhbmNlLWNvL3VzLWNlbnRyYWwxL2NyaWFQZXJmaWxDb21wbGV0by9HWW1GY0RuT2oxdw  
  
 Sat Aug 11 2018 04:39:24 GMT-0300 (-03)
[debug] [2018-08-11T07:39:25.745Z] >>> HTTP REQUEST GET https://cloudfunctions.googleapis.com/v1/operations/b25zdXJhbmNlLWNvL3VzLWNlbnRyYWwxL3dvb1dlYmhvb2svakdFN2F0bVBxaGs  
  
 Sat Aug 11 2018 04:39:25 GMT-0300 (-03)
[debug] [2018-08-11T07:39:25.955Z] <<< HTTP RESPONSE 200
[debug] [2018-08-11T07:39:26.057Z] >>> HTTP REQUEST GET https://cloudfunctions.googleapis.com/v1/operations/b25zdXJhbmNlLWNvL3VzLWNlbnRyYWwxL3NpbUxpZ2FEZXNsaWdhL1FQaFlFTm54UWUw  
  
 Sat Aug 11 2018 04:39:26 GMT-0300 (-03)
[debug] [2018-08-11T07:39:26.105Z] >>> HTTP REQUEST GET https://cloudfunctions.googleapis.com/v1/operations/b25zdXJhbmNlLWNvL3VzLWNlbnRyYWwxL2JvdFNpbXVsYWNhby9IS3dFamMweUpQQQ  
  
 Sat Aug 11 2018 04:39:26 GMT-0300 (-03)
[debug] [2018-08-11T07:39:26.198Z] <<< HTTP RESPONSE 200
[info] ✔  functions[criaPerfilCompleto(us-central1)]: Successful update operation. 
[debug] [2018-08-11T07:39:26.427Z] <<< HTTP RESPONSE 200
[debug] [2018-08-11T07:39:26.981Z] <<< HTTP RESPONSE 200
[debug] [2018-08-11T07:39:27.291Z] <<< HTTP RESPONSE 200
[debug] [2018-08-11T07:39:27.960Z] >>> HTTP REQUEST GET https://cloudfunctions.googleapis.com/v1/operations/b25zdXJhbmNlLWNvL3VzLWNlbnRyYWwxL2dldHJlcXVlc3QvekhtYWVvcnNfVkk  
  
 Sat Aug 11 2018 04:39:27 GMT-0300 (-03)
[debug] [2018-08-11T07:39:28.401Z] <<< HTTP RESPONSE 200
[debug] [2018-08-11T07:39:28.431Z] >>> HTTP REQUEST GET https://cloudfunctions.googleapis.com/v1/operations/b25zdXJhbmNlLWNvL3VzLWNlbnRyYWwxL3NpbUxpZ2FEZXNsaWdhL1FQaFlFTm54UWUw  
  
 Sat Aug 11 2018 04:39:28 GMT-0300 (-03)
[debug] [2018-08-11T07:39:28.986Z] >>> HTTP REQUEST GET https://cloudfunctions.googleapis.com/v1/operations/b25zdXJhbmNlLWNvL3VzLWNlbnRyYWwxL3dvb1dlYmhvb2svakdFN2F0bVBxaGs  
  
 Sat Aug 11 2018 04:39:28 GMT-0300 (-03)
[debug] [2018-08-11T07:39:29.292Z] >>> HTTP REQUEST GET https://cloudfunctions.googleapis.com/v1/operations/b25zdXJhbmNlLWNvL3VzLWNlbnRyYWwxL2JvdFNpbXVsYWNhby9IS3dFamMweUpQQQ  
  
 Sat Aug 11 2018 04:39:29 GMT-0300 (-03)
[debug] [2018-08-11T07:39:29.921Z] <<< HTTP RESPONSE 200
[info] ✔  functions[botSimulacao(us-central1)]: Successful update operation. 
[debug] [2018-08-11T07:39:29.922Z] <<< HTTP RESPONSE 200
[info] ✔  functions[simLigaDesliga(us-central1)]: Successful update operation. 
[debug] [2018-08-11T07:39:30.243Z] <<< HTTP RESPONSE 200
[debug] [2018-08-11T07:39:30.403Z] >>> HTTP REQUEST GET https://cloudfunctions.googleapis.com/v1/operations/b25zdXJhbmNlLWNvL3VzLWNlbnRyYWwxL2dldHJlcXVlc3QvekhtYWVvcnNfVkk  
  
 Sat Aug 11 2018 04:39:30 GMT-0300 (-03)
[debug] [2018-08-11T07:39:31.604Z] <<< HTTP RESPONSE 200
[debug] [2018-08-11T07:39:32.247Z] >>> HTTP REQUEST GET https://cloudfunctions.googleapis.com/v1/operations/b25zdXJhbmNlLWNvL3VzLWNlbnRyYWwxL3dvb1dlYmhvb2svakdFN2F0bVBxaGs  
  
 Sat Aug 11 2018 04:39:32 GMT-0300 (-03)
[debug] [2018-08-11T07:39:33.523Z] <<< HTTP RESPONSE 200
[debug] [2018-08-11T07:39:33.607Z] >>> HTTP REQUEST GET https://cloudfunctions.googleapis.com/v1/operations/b25zdXJhbmNlLWNvL3VzLWNlbnRyYWwxL2dldHJlcXVlc3QvekhtYWVvcnNfVkk  
  
 Sat Aug 11 2018 04:39:33 GMT-0300 (-03)
[debug] [2018-08-11T07:39:34.846Z] <<< HTTP RESPONSE 200
[debug] [2018-08-11T07:39:35.524Z] >>> HTTP REQUEST GET https://cloudfunctions.googleapis.com/v1/operations/b25zdXJhbmNlLWNvL3VzLWNlbnRyYWwxL3dvb1dlYmhvb2svakdFN2F0bVBxaGs  
  
 Sat Aug 11 2018 04:39:35 GMT-0300 (-03)
[debug] [2018-08-11T07:39:36.749Z] <<< HTTP RESPONSE 200
[info] ✔  functions[wooWebhook(us-central1)]: Successful update operation. 
[debug] [2018-08-11T07:39:36.850Z] >>> HTTP REQUEST GET https://cloudfunctions.googleapis.com/v1/operations/b25zdXJhbmNlLWNvL3VzLWNlbnRyYWwxL2dldHJlcXVlc3QvekhtYWVvcnNfVkk  
  
 Sat Aug 11 2018 04:39:36 GMT-0300 (-03)
[debug] [2018-08-11T07:39:38.081Z] <<< HTTP RESPONSE 200
[debug] [2018-08-11T07:39:40.085Z] >>> HTTP REQUEST GET https://cloudfunctions.googleapis.com/v1/operations/b25zdXJhbmNlLWNvL3VzLWNlbnRyYWwxL2dldHJlcXVlc3QvekhtYWVvcnNfVkk  
  
 Sat Aug 11 2018 04:39:40 GMT-0300 (-03)
[debug] [2018-08-11T07:39:41.311Z] <<< HTTP RESPONSE 200
[debug] [2018-08-11T07:39:43.316Z] >>> HTTP REQUEST GET https://cloudfunctions.googleapis.com/v1/operations/b25zdXJhbmNlLWNvL3VzLWNlbnRyYWwxL2dldHJlcXVlc3QvekhtYWVvcnNfVkk  
  
 Sat Aug 11 2018 04:39:43 GMT-0300 (-03)
[debug] [2018-08-11T07:39:44.556Z] <<< HTTP RESPONSE 200
[debug] [2018-08-11T07:39:46.561Z] >>> HTTP REQUEST GET https://cloudfunctions.googleapis.com/v1/operations/b25zdXJhbmNlLWNvL3VzLWNlbnRyYWwxL2dldHJlcXVlc3QvekhtYWVvcnNfVkk  
  
 Sat Aug 11 2018 04:39:46 GMT-0300 (-03)
[debug] [2018-08-11T07:39:48.279Z] <<< HTTP RESPONSE 200
[debug] [2018-08-11T07:39:50.285Z] >>> HTTP REQUEST GET https://cloudfunctions.googleapis.com/v1/operations/b25zdXJhbmNlLWNvL3VzLWNlbnRyYWwxL2dldHJlcXVlc3QvekhtYWVvcnNfVkk  
  
 Sat Aug 11 2018 04:39:50 GMT-0300 (-03)
[debug] [2018-08-11T07:39:51.483Z] <<< HTTP RESPONSE 200
[debug] [2018-08-11T07:39:53.485Z] >>> HTTP REQUEST GET https://cloudfunctions.googleapis.com/v1/operations/b25zdXJhbmNlLWNvL3VzLWNlbnRyYWwxL2dldHJlcXVlc3QvekhtYWVvcnNfVkk  
  
 Sat Aug 11 2018 04:39:53 GMT-0300 (-03)
[debug] [2018-08-11T07:39:54.775Z] <<< HTTP RESPONSE 200
[debug] [2018-08-11T07:39:56.779Z] >>> HTTP REQUEST GET https://cloudfunctions.googleapis.com/v1/operations/b25zdXJhbmNlLWNvL3VzLWNlbnRyYWwxL2dldHJlcXVlc3QvekhtYWVvcnNfVkk  
  
 Sat Aug 11 2018 04:39:56 GMT-0300 (-03)
[debug] [2018-08-11T07:39:58.106Z] <<< HTTP RESPONSE 200
[debug] [2018-08-11T07:40:00.112Z] >>> HTTP REQUEST GET https://cloudfunctions.googleapis.com/v1/operations/b25zdXJhbmNlLWNvL3VzLWNlbnRyYWwxL2dldHJlcXVlc3QvekhtYWVvcnNfVkk  
  
 Sat Aug 11 2018 04:40:00 GMT-0300 (-03)
[debug] [2018-08-11T07:40:01.371Z] <<< HTTP RESPONSE 200
[debug] [2018-08-11T07:40:03.374Z] >>> HTTP REQUEST GET https://cloudfunctions.googleapis.com/v1/operations/b25zdXJhbmNlLWNvL3VzLWNlbnRyYWwxL2dldHJlcXVlc3QvekhtYWVvcnNfVkk  
  
 Sat Aug 11 2018 04:40:03 GMT-0300 (-03)
[debug] [2018-08-11T07:40:04.644Z] <<< HTTP RESPONSE 200
[debug] [2018-08-11T07:40:06.648Z] >>> HTTP REQUEST GET https://cloudfunctions.googleapis.com/v1/operations/b25zdXJhbmNlLWNvL3VzLWNlbnRyYWwxL2dldHJlcXVlc3QvekhtYWVvcnNfVkk  
  
 Sat Aug 11 2018 04:40:06 GMT-0300 (-03)
[debug] [2018-08-11T07:40:09.254Z] <<< HTTP RESPONSE 200
[debug] [2018-08-11T07:40:11.257Z] >>> HTTP REQUEST GET https://cloudfunctions.googleapis.com/v1/operations/b25zdXJhbmNlLWNvL3VzLWNlbnRyYWwxL2dldHJlcXVlc3QvekhtYWVvcnNfVkk  
  
 Sat Aug 11 2018 04:40:11 GMT-0300 (-03)
[debug] [2018-08-11T07:40:12.499Z] <<< HTTP RESPONSE 200
[debug] [2018-08-11T07:40:14.500Z] >>> HTTP REQUEST GET https://cloudfunctions.googleapis.com/v1/operations/b25zdXJhbmNlLWNvL3VzLWNlbnRyYWwxL2dldHJlcXVlc3QvekhtYWVvcnNfVkk  
  
 Sat Aug 11 2018 04:40:14 GMT-0300 (-03)
[debug] [2018-08-11T07:40:14.863Z] <<< HTTP RESPONSE 200
[debug] [2018-08-11T07:40:16.864Z] >>> HTTP REQUEST GET https://cloudfunctions.googleapis.com/v1/operations/b25zdXJhbmNlLWNvL3VzLWNlbnRyYWwxL2dldHJlcXVlc3QvekhtYWVvcnNfVkk  
  
 Sat Aug 11 2018 04:40:16 GMT-0300 (-03)
[debug] [2018-08-11T07:40:18.151Z] <<< HTTP RESPONSE 200
[debug] [2018-08-11T07:40:20.153Z] >>> HTTP REQUEST GET https://cloudfunctions.googleapis.com/v1/operations/b25zdXJhbmNlLWNvL3VzLWNlbnRyYWwxL2dldHJlcXVlc3QvekhtYWVvcnNfVkk  
  
 Sat Aug 11 2018 04:40:20 GMT-0300 (-03)
[debug] [2018-08-11T07:40:20.574Z] <<< HTTP RESPONSE 200
[debug] [2018-08-11T07:40:22.577Z] >>> HTTP REQUEST GET https://cloudfunctions.googleapis.com/v1/operations/b25zdXJhbmNlLWNvL3VzLWNlbnRyYWwxL2dldHJlcXVlc3QvekhtYWVvcnNfVkk  
  
 Sat Aug 11 2018 04:40:22 GMT-0300 (-03)
[debug] [2018-08-11T07:40:22.927Z] <<< HTTP RESPONSE 200
[debug] [2018-08-11T07:40:24.928Z] >>> HTTP REQUEST GET https://cloudfunctions.googleapis.com/v1/operations/b25zdXJhbmNlLWNvL3VzLWNlbnRyYWwxL2dldHJlcXVlc3QvekhtYWVvcnNfVkk  
  
 Sat Aug 11 2018 04:40:24 GMT-0300 (-03)
[debug] [2018-08-11T07:40:25.343Z] <<< HTTP RESPONSE 200
[debug] [2018-08-11T07:40:27.348Z] >>> HTTP REQUEST GET https://cloudfunctions.googleapis.com/v1/operations/b25zdXJhbmNlLWNvL3VzLWNlbnRyYWwxL2dldHJlcXVlc3QvekhtYWVvcnNfVkk  
  
 Sat Aug 11 2018 04:40:27 GMT-0300 (-03)
[debug] [2018-08-11T07:40:28.564Z] <<< HTTP RESPONSE 200
[debug] [2018-08-11T07:40:30.567Z] >>> HTTP REQUEST GET https://cloudfunctions.googleapis.com/v1/operations/b25zdXJhbmNlLWNvL3VzLWNlbnRyYWwxL2dldHJlcXVlc3QvekhtYWVvcnNfVkk  
  
 Sat Aug 11 2018 04:40:30 GMT-0300 (-03)
[debug] [2018-08-11T07:40:31.818Z] <<< HTTP RESPONSE 200
[debug] [2018-08-11T07:40:33.819Z] >>> HTTP REQUEST GET https://cloudfunctions.googleapis.com/v1/operations/b25zdXJhbmNlLWNvL3VzLWNlbnRyYWwxL2dldHJlcXVlc3QvekhtYWVvcnNfVkk  
  
 Sat Aug 11 2018 04:40:33 GMT-0300 (-03)
[debug] [2018-08-11T07:40:35.103Z] <<< HTTP RESPONSE 200
[debug] [2018-08-11T07:40:37.104Z] >>> HTTP REQUEST GET https://cloudfunctions.googleapis.com/v1/operations/b25zdXJhbmNlLWNvL3VzLWNlbnRyYWwxL2dldHJlcXVlc3QvekhtYWVvcnNfVkk  
  
 Sat Aug 11 2018 04:40:37 GMT-0300 (-03)
[debug] [2018-08-11T07:40:38.361Z] <<< HTTP RESPONSE 200
[debug] [2018-08-11T07:40:40.366Z] >>> HTTP REQUEST GET https://cloudfunctions.googleapis.com/v1/operations/b25zdXJhbmNlLWNvL3VzLWNlbnRyYWwxL2dldHJlcXVlc3QvekhtYWVvcnNfVkk  
  
 Sat Aug 11 2018 04:40:40 GMT-0300 (-03)
[debug] [2018-08-11T07:40:41.673Z] <<< HTTP RESPONSE 200
[debug] [2018-08-11T07:40:43.678Z] >>> HTTP REQUEST GET https://cloudfunctions.googleapis.com/v1/operations/b25zdXJhbmNlLWNvL3VzLWNlbnRyYWwxL2dldHJlcXVlc3QvekhtYWVvcnNfVkk  
  
 Sat Aug 11 2018 04:40:43 GMT-0300 (-03)
[debug] [2018-08-11T07:40:45.149Z] <<< HTTP RESPONSE 200
[debug] [2018-08-11T07:40:47.156Z] >>> HTTP REQUEST GET https://cloudfunctions.googleapis.com/v1/operations/b25zdXJhbmNlLWNvL3VzLWNlbnRyYWwxL2dldHJlcXVlc3QvekhtYWVvcnNfVkk  
  
 Sat Aug 11 2018 04:40:47 GMT-0300 (-03)
[debug] [2018-08-11T07:40:48.404Z] <<< HTTP RESPONSE 200
[debug] [2018-08-11T07:40:50.424Z] >>> HTTP REQUEST GET https://cloudfunctions.googleapis.com/v1/operations/b25zdXJhbmNlLWNvL3VzLWNlbnRyYWwxL2dldHJlcXVlc3QvekhtYWVvcnNfVkk  
  
 Sat Aug 11 2018 04:40:50 GMT-0300 (-03)
[debug] [2018-08-11T07:40:51.691Z] <<< HTTP RESPONSE 200
[debug] [2018-08-11T07:40:53.695Z] >>> HTTP REQUEST GET https://cloudfunctions.googleapis.com/v1/operations/b25zdXJhbmNlLWNvL3VzLWNlbnRyYWwxL2dldHJlcXVlc3QvekhtYWVvcnNfVkk  
  
 Sat Aug 11 2018 04:40:53 GMT-0300 (-03)
[debug] [2018-08-11T07:40:54.919Z] <<< HTTP RESPONSE 200
[debug] [2018-08-11T07:40:56.922Z] >>> HTTP REQUEST GET https://cloudfunctions.googleapis.com/v1/operations/b25zdXJhbmNlLWNvL3VzLWNlbnRyYWwxL2dldHJlcXVlc3QvekhtYWVvcnNfVkk  
  
 Sat Aug 11 2018 04:40:56 GMT-0300 (-03)
[debug] [2018-08-11T07:40:58.177Z] <<< HTTP RESPONSE 200
[debug] [2018-08-11T07:41:00.182Z] >>> HTTP REQUEST GET https://cloudfunctions.googleapis.com/v1/operations/b25zdXJhbmNlLWNvL3VzLWNlbnRyYWwxL2dldHJlcXVlc3QvekhtYWVvcnNfVkk  
  
 Sat Aug 11 2018 04:41:00 GMT-0300 (-03)
[debug] [2018-08-11T07:41:01.473Z] <<< HTTP RESPONSE 200
[debug] [2018-08-11T07:41:03.476Z] >>> HTTP REQUEST GET https://cloudfunctions.googleapis.com/v1/operations/b25zdXJhbmNlLWNvL3VzLWNlbnRyYWwxL2dldHJlcXVlc3QvekhtYWVvcnNfVkk  
  
 Sat Aug 11 2018 04:41:03 GMT-0300 (-03)
[debug] [2018-08-11T07:41:04.843Z] <<< HTTP RESPONSE 200
[debug] [2018-08-11T07:41:06.849Z] >>> HTTP REQUEST GET https://cloudfunctions.googleapis.com/v1/operations/b25zdXJhbmNlLWNvL3VzLWNlbnRyYWwxL2dldHJlcXVlc3QvekhtYWVvcnNfVkk  
  
 Sat Aug 11 2018 04:41:06 GMT-0300 (-03)
[debug] [2018-08-11T07:41:08.087Z] <<< HTTP RESPONSE 200
[debug] [2018-08-11T07:41:10.090Z] >>> HTTP REQUEST GET https://cloudfunctions.googleapis.com/v1/operations/b25zdXJhbmNlLWNvL3VzLWNlbnRyYWwxL2dldHJlcXVlc3QvekhtYWVvcnNfVkk  
  
 Sat Aug 11 2018 04:41:10 GMT-0300 (-03)
[debug] [2018-08-11T07:41:11.302Z] <<< HTTP RESPONSE 200
[debug] [2018-08-11T07:41:13.305Z] >>> HTTP REQUEST GET https://cloudfunctions.googleapis.com/v1/operations/b25zdXJhbmNlLWNvL3VzLWNlbnRyYWwxL2dldHJlcXVlc3QvekhtYWVvcnNfVkk  
  
 Sat Aug 11 2018 04:41:13 GMT-0300 (-03)
[debug] [2018-08-11T07:41:14.560Z] <<< HTTP RESPONSE 200
[debug] [2018-08-11T07:41:16.564Z] >>> HTTP REQUEST GET https://cloudfunctions.googleapis.com/v1/operations/b25zdXJhbmNlLWNvL3VzLWNlbnRyYWwxL2dldHJlcXVlc3QvekhtYWVvcnNfVkk  
  
 Sat Aug 11 2018 04:41:16 GMT-0300 (-03)
[debug] [2018-08-11T07:41:17.822Z] <<< HTTP RESPONSE 200
[debug] [2018-08-11T07:41:19.825Z] >>> HTTP REQUEST GET https://cloudfunctions.googleapis.com/v1/operations/b25zdXJhbmNlLWNvL3VzLWNlbnRyYWwxL2dldHJlcXVlc3QvekhtYWVvcnNfVkk  
  
 Sat Aug 11 2018 04:41:19 GMT-0300 (-03)
[debug] [2018-08-11T07:41:20.274Z] <<< HTTP RESPONSE 200
[debug] [2018-08-11T07:41:22.275Z] >>> HTTP REQUEST GET https://cloudfunctions.googleapis.com/v1/operations/b25zdXJhbmNlLWNvL3VzLWNlbnRyYWwxL2dldHJlcXVlc3QvekhtYWVvcnNfVkk  
  
 Sat Aug 11 2018 04:41:22 GMT-0300 (-03)
[debug] [2018-08-11T07:41:23.503Z] <<< HTTP RESPONSE 200
[debug] [2018-08-11T07:41:25.510Z] >>> HTTP REQUEST GET https://cloudfunctions.googleapis.com/v1/operations/b25zdXJhbmNlLWNvL3VzLWNlbnRyYWwxL2dldHJlcXVlc3QvekhtYWVvcnNfVkk  
  
 Sat Aug 11 2018 04:41:25 GMT-0300 (-03)
[debug] [2018-08-11T07:41:26.745Z] <<< HTTP RESPONSE 200
[debug] [2018-08-11T07:41:28.746Z] >>> HTTP REQUEST GET https://cloudfunctions.googleapis.com/v1/operations/b25zdXJhbmNlLWNvL3VzLWNlbnRyYWwxL2dldHJlcXVlc3QvekhtYWVvcnNfVkk  
  
 Sat Aug 11 2018 04:41:28 GMT-0300 (-03)
[debug] [2018-08-11T07:41:29.982Z] <<< HTTP RESPONSE 200
[debug] [2018-08-11T07:41:31.988Z] >>> HTTP REQUEST GET https://cloudfunctions.googleapis.com/v1/operations/b25zdXJhbmNlLWNvL3VzLWNlbnRyYWwxL2dldHJlcXVlc3QvekhtYWVvcnNfVkk  
  
 Sat Aug 11 2018 04:41:31 GMT-0300 (-03)
[debug] [2018-08-11T07:41:33.414Z] <<< HTTP RESPONSE 200
[debug] [2018-08-11T07:41:35.415Z] >>> HTTP REQUEST GET https://cloudfunctions.googleapis.com/v1/operations/b25zdXJhbmNlLWNvL3VzLWNlbnRyYWwxL2dldHJlcXVlc3QvekhtYWVvcnNfVkk  
  
 Sat Aug 11 2018 04:41:35 GMT-0300 (-03)
[debug] [2018-08-11T07:41:36.650Z] <<< HTTP RESPONSE 200
[debug] [2018-08-11T07:41:38.654Z] >>> HTTP REQUEST GET https://cloudfunctions.googleapis.com/v1/operations/b25zdXJhbmNlLWNvL3VzLWNlbnRyYWwxL2dldHJlcXVlc3QvekhtYWVvcnNfVkk  
  
 Sat Aug 11 2018 04:41:38 GMT-0300 (-03)
